2022-07-25 18:32:03,519: [INFO] Script started - (main.py).<module>(47)
2022-07-25 18:32:03,939: [INFO] Product IDs collected (2663) - (main.py).run(24)
2022-07-25 18:32:03,960: [INFO] Product IDs collected (35291) - (main.py).run(24)
2022-07-25 18:32:06,522: [INFO] Product IDs collected (101143) - (main.py).run(24)
2022-07-25 18:32:07,014: [INFO] Product IDs collected (155597) - (main.py).run(24)
2022-07-25 18:32:17,401: [INFO] Product cards (0-50) collected (35291) - (main.py).run(28)
2022-07-25 18:32:17,406: [INFO] Queries creation completed (35291) - (main.py).run(33)
2022-07-25 18:32:17,672: [INFO] Queries execution completed (35291) - (main.py).run(36)
2022-07-25 18:32:18,260: [INFO] Product cards (0-50) collected (2663) - (main.py).run(28)
2022-07-25 18:32:18,264: [INFO] Queries creation completed (2663) - (main.py).run(33)
2022-07-25 18:32:18,494: [INFO] Queries execution completed (2663) - (main.py).run(36)
2022-07-25 18:32:19,222: [INFO] Duplicates removed (35291) - (main.py).run(39)
2022-07-25 18:32:20,074: [INFO] Duplicates removed (2663) - (main.py).run(39)
2022-07-25 18:32:20,455: [INFO] Product cards (0-50) collected (101143) - (main.py).run(28)
2022-07-25 18:32:20,457: [INFO] Queries creation completed (101143) - (main.py).run(33)
2022-07-25 18:32:20,623: [INFO] Queries execution completed (101143) - (main.py).run(36)
2022-07-25 18:32:20,740: [INFO] Product cards (0-50) collected (155597) - (main.py).run(28)
2022-07-25 18:32:20,744: [INFO] Queries creation completed (155597) - (main.py).run(33)
2022-07-25 18:32:20,995: [INFO] Queries execution completed (155597) - (main.py).run(36)
2022-07-25 18:32:22,135: [INFO] Duplicates removed (101143) - (main.py).run(39)
2022-07-25 18:32:22,556: [INFO] Duplicates removed (155597) - (main.py).run(39)
2022-07-25 18:32:33,138: [INFO] Product cards (50-100) collected (2663) - (main.py).run(28)
2022-07-25 18:32:33,141: [INFO] Queries creation completed (2663) - (main.py).run(33)
2022-07-25 18:32:33,339: [INFO] Queries execution completed (2663) - (main.py).run(36)
2022-07-25 18:32:33,539: [INFO] Product cards (50-100) collected (35291) - (main.py).run(28)
2022-07-25 18:32:33,544: [INFO] Queries creation completed (35291) - (main.py).run(33)
2022-07-25 18:32:33,813: [INFO] Queries execution completed (35291) - (main.py).run(36)
2022-07-25 18:32:34,888: [INFO] Duplicates removed (2663) - (main.py).run(39)
2022-07-25 18:32:35,375: [INFO] Duplicates removed (35291) - (main.py).run(39)
2022-07-25 18:32:35,528: [INFO] Product cards (50-100) collected (101143) - (main.py).run(28)
2022-07-25 18:32:35,530: [INFO] Queries creation completed (101143) - (main.py).run(33)
2022-07-25 18:32:35,687: [INFO] Queries execution completed (101143) - (main.py).run(36)
2022-07-25 18:32:37,188: [INFO] Duplicates removed (101143) - (main.py).run(39)
2022-07-25 18:32:39,942: [INFO] Product cards (50-100) collected (155597) - (main.py).run(28)
2022-07-25 18:32:39,946: [INFO] Queries creation completed (155597) - (main.py).run(33)
2022-07-25 18:32:40,184: [INFO] Queries execution completed (155597) - (main.py).run(36)
2022-07-25 18:32:41,692: [INFO] Duplicates removed (155597) - (main.py).run(39)
2022-07-25 18:32:47,131: [INFO] Product cards (100-150) collected (2663) - (main.py).run(28)
2022-07-25 18:32:47,134: [INFO] Queries creation completed (2663) - (main.py).run(33)
2022-07-25 18:32:47,330: [INFO] Queries execution completed (2663) - (main.py).run(36)
2022-07-25 18:32:48,836: [INFO] Duplicates removed (2663) - (main.py).run(39)
2022-07-25 18:32:48,882: [INFO] Product cards (100-150) collected (101143) - (main.py).run(28)
2022-07-25 18:32:48,884: [INFO] Queries creation completed (101143) - (main.py).run(33)
2022-07-25 18:32:49,048: [INFO] Queries execution completed (101143) - (main.py).run(36)
2022-07-25 18:32:49,543: [INFO] Product cards (100-150) collected (35291) - (main.py).run(28)
2022-07-25 18:32:49,547: [INFO] Queries creation completed (35291) - (main.py).run(33)
2022-07-25 18:32:49,797: [INFO] Queries execution completed (35291) - (main.py).run(36)
2022-07-25 18:32:50,581: [INFO] Duplicates removed (101143) - (main.py).run(39)
2022-07-25 18:32:51,360: [INFO] Duplicates removed (35291) - (main.py).run(39)
2022-07-25 18:32:55,410: [INFO] Product cards (100-150) collected (155597) - (main.py).run(28)
2022-07-25 18:32:55,414: [INFO] Queries creation completed (155597) - (main.py).run(33)
2022-07-25 18:32:55,677: [INFO] Queries execution completed (155597) - (main.py).run(36)
2022-07-25 18:32:57,191: [INFO] Duplicates removed (155597) - (main.py).run(39)
2022-07-25 18:33:00,909: [INFO] Product cards (150-200) collected (2663) - (main.py).run(28)
2022-07-25 18:33:00,912: [INFO] Queries creation completed (2663) - (main.py).run(33)
2022-07-25 18:33:01,117: [INFO] Queries execution completed (2663) - (main.py).run(36)
2022-07-25 18:33:02,274: [INFO] Product cards (150-200) collected (101143) - (main.py).run(28)
2022-07-25 18:33:02,276: [INFO] Queries creation completed (101143) - (main.py).run(33)
2022-07-25 18:33:02,430: [INFO] Queries execution completed (101143) - (main.py).run(36)
2022-07-25 18:33:02,624: [INFO] Duplicates removed (2663) - (main.py).run(39)
2022-07-25 18:33:03,951: [INFO] Duplicates removed (101143) - (main.py).run(39)
2022-07-25 18:33:04,131: [INFO] Product cards (150-200) collected (35291) - (main.py).run(28)
2022-07-25 18:33:04,136: [INFO] Queries creation completed (35291) - (main.py).run(33)
2022-07-25 18:33:04,404: [INFO] Queries execution completed (35291) - (main.py).run(36)
2022-07-25 18:33:05,922: [INFO] Duplicates removed (35291) - (main.py).run(39)
2022-07-25 18:33:08,393: [INFO] Product cards (200-250) collected (35291) - (main.py).run(28)
2022-07-25 18:33:08,394: [INFO] Queries creation completed (35291) - (main.py).run(33)
2022-07-25 18:33:08,441: [INFO] Queries execution completed (35291) - (main.py).run(36)
2022-07-25 18:33:09,929: [INFO] Duplicates removed (35291) - (main.py).run(39)
2022-07-25 18:33:11,547: [INFO] Product cards (150-200) collected (155597) - (main.py).run(28)
2022-07-25 18:33:11,551: [INFO] Queries creation completed (155597) - (main.py).run(33)
2022-07-25 18:33:11,819: [INFO] Queries execution completed (155597) - (main.py).run(36)
2022-07-25 18:33:13,337: [INFO] Duplicates removed (155597) - (main.py).run(39)
2022-07-25 18:33:15,166: [INFO] Product cards (200-250) collected (2663) - (main.py).run(28)
2022-07-25 18:33:15,169: [INFO] Queries creation completed (2663) - (main.py).run(33)
2022-07-25 18:33:15,357: [INFO] Queries execution completed (2663) - (main.py).run(36)
2022-07-25 18:33:16,872: [INFO] Duplicates removed (2663) - (main.py).run(39)
2022-07-25 18:33:17,320: [INFO] Product cards (200-250) collected (101143) - (main.py).run(28)
2022-07-25 18:33:17,323: [INFO] Queries creation completed (101143) - (main.py).run(33)
2022-07-25 18:33:17,485: [INFO] Queries execution completed (101143) - (main.py).run(36)
2022-07-25 18:33:18,969: [INFO] Duplicates removed (101143) - (main.py).run(39)
2022-07-25 18:33:27,102: [INFO] Product cards (200-250) collected (155597) - (main.py).run(28)
2022-07-25 18:33:27,107: [INFO] Queries creation completed (155597) - (main.py).run(33)
2022-07-25 18:33:27,383: [INFO] Queries execution completed (155597) - (main.py).run(36)
2022-07-25 18:33:28,887: [INFO] Duplicates removed (155597) - (main.py).run(39)
2022-07-25 18:33:32,993: [INFO] Product cards (250-300) collected (101143) - (main.py).run(28)
2022-07-25 18:33:32,995: [INFO] Queries creation completed (101143) - (main.py).run(33)
2022-07-25 18:33:33,163: [INFO] Queries execution completed (101143) - (main.py).run(36)
2022-07-25 18:33:34,671: [INFO] Duplicates removed (101143) - (main.py).run(39)
2022-07-25 18:33:42,494: [INFO] Product cards (250-300) collected (155597) - (main.py).run(28)
2022-07-25 18:33:42,499: [INFO] Queries creation completed (155597) - (main.py).run(33)
2022-07-25 18:33:42,753: [INFO] Queries execution completed (155597) - (main.py).run(36)
2022-07-25 18:33:44,256: [INFO] Duplicates removed (155597) - (main.py).run(39)
2022-07-25 18:33:47,546: [INFO] Product cards (300-350) collected (101143) - (main.py).run(28)
2022-07-25 18:33:47,548: [INFO] Queries creation completed (101143) - (main.py).run(33)
2022-07-25 18:33:47,720: [INFO] Queries execution completed (101143) - (main.py).run(36)
2022-07-25 18:33:49,212: [INFO] Duplicates removed (101143) - (main.py).run(39)
2022-07-25 18:33:57,865: [INFO] Product cards (300-350) collected (155597) - (main.py).run(28)
2022-07-25 18:33:57,869: [INFO] Queries creation completed (155597) - (main.py).run(33)
2022-07-25 18:33:58,105: [INFO] Queries execution completed (155597) - (main.py).run(36)
2022-07-25 18:33:59,615: [INFO] Duplicates removed (155597) - (main.py).run(39)
2022-07-25 18:34:02,475: [INFO] Product cards (350-400) collected (101143) - (main.py).run(28)
2022-07-25 18:34:02,477: [INFO] Queries creation completed (101143) - (main.py).run(33)
2022-07-25 18:34:02,619: [INFO] Queries execution completed (101143) - (main.py).run(36)
2022-07-25 18:34:04,120: [INFO] Duplicates removed (101143) - (main.py).run(39)
2022-07-25 18:34:13,942: [INFO] Product cards (350-400) collected (155597) - (main.py).run(28)
2022-07-25 18:34:13,946: [INFO] Queries creation completed (155597) - (main.py).run(33)
2022-07-25 18:34:14,189: [INFO] Queries execution completed (155597) - (main.py).run(36)
2022-07-25 18:34:15,693: [INFO] Duplicates removed (155597) - (main.py).run(39)
2022-07-25 18:34:16,733: [INFO] Product cards (400-450) collected (101143) - (main.py).run(28)
2022-07-25 18:34:16,735: [INFO] Queries creation completed (101143) - (main.py).run(33)
2022-07-25 18:34:16,869: [INFO] Queries execution completed (101143) - (main.py).run(36)
2022-07-25 18:34:18,366: [INFO] Duplicates removed (101143) - (main.py).run(39)
2022-07-25 18:34:29,770: [INFO] Product cards (400-450) collected (155597) - (main.py).run(28)
2022-07-25 18:34:29,774: [INFO] Queries creation completed (155597) - (main.py).run(33)
2022-07-25 18:34:30,024: [INFO] Queries execution completed (155597) - (main.py).run(36)
2022-07-25 18:34:31,521: [INFO] Duplicates removed (155597) - (main.py).run(39)
2022-07-25 18:34:32,056: [INFO] Product cards (450-500) collected (101143) - (main.py).run(28)
2022-07-25 18:34:32,058: [INFO] Queries creation completed (101143) - (main.py).run(33)
2022-07-25 18:34:32,197: [INFO] Queries execution completed (101143) - (main.py).run(36)
2022-07-25 18:34:33,683: [INFO] Duplicates removed (101143) - (main.py).run(39)
2022-07-25 18:34:45,008: [INFO] Product cards (450-500) collected (155597) - (main.py).run(28)
2022-07-25 18:34:45,013: [INFO] Queries creation completed (155597) - (main.py).run(33)
2022-07-25 18:34:45,257: [INFO] Queries execution completed (155597) - (main.py).run(36)
2022-07-25 18:34:46,760: [INFO] Duplicates removed (155597) - (main.py).run(39)
2022-07-25 18:34:48,332: [INFO] Product cards (500-550) collected (101143) - (main.py).run(28)
2022-07-25 18:34:48,334: [INFO] Queries creation completed (101143) - (main.py).run(33)
2022-07-25 18:34:48,485: [INFO] Queries execution completed (101143) - (main.py).run(36)
2022-07-25 18:34:49,975: [INFO] Duplicates removed (101143) - (main.py).run(39)
2022-07-25 18:34:59,311: [INFO] Product cards (500-550) collected (155597) - (main.py).run(28)
2022-07-25 18:34:59,315: [INFO] Queries creation completed (155597) - (main.py).run(33)
2022-07-25 18:34:59,548: [INFO] Queries execution completed (155597) - (main.py).run(36)
2022-07-25 18:35:01,045: [INFO] Duplicates removed (155597) - (main.py).run(39)
2022-07-25 18:35:02,412: [INFO] Product cards (550-600) collected (101143) - (main.py).run(28)
2022-07-25 18:35:02,414: [INFO] Queries creation completed (101143) - (main.py).run(33)
2022-07-25 18:35:02,549: [INFO] Queries execution completed (101143) - (main.py).run(36)
2022-07-25 18:35:04,036: [INFO] Duplicates removed (101143) - (main.py).run(39)
2022-07-25 18:35:15,721: [INFO] Product cards (550-600) collected (155597) - (main.py).run(28)
2022-07-25 18:35:15,725: [INFO] Queries creation completed (155597) - (main.py).run(33)
2022-07-25 18:35:15,955: [INFO] Queries execution completed (155597) - (main.py).run(36)
2022-07-25 18:35:17,443: [INFO] Duplicates removed (155597) - (main.py).run(39)
2022-07-25 18:35:17,960: [INFO] Product cards (600-650) collected (101143) - (main.py).run(28)
2022-07-25 18:35:17,962: [INFO] Queries creation completed (101143) - (main.py).run(33)
2022-07-25 18:35:18,132: [INFO] Queries execution completed (101143) - (main.py).run(36)
2022-07-25 18:35:19,617: [INFO] Duplicates removed (101143) - (main.py).run(39)
2022-07-25 18:35:30,573: [INFO] Product cards (600-650) collected (155597) - (main.py).run(28)
2022-07-25 18:35:30,577: [INFO] Queries creation completed (155597) - (main.py).run(33)
2022-07-25 18:35:30,824: [INFO] Queries execution completed (155597) - (main.py).run(36)
2022-07-25 18:35:32,322: [INFO] Duplicates removed (155597) - (main.py).run(39)
2022-07-25 18:35:34,198: [INFO] Product cards (650-700) collected (101143) - (main.py).run(28)
2022-07-25 18:35:34,201: [INFO] Queries creation completed (101143) - (main.py).run(33)
2022-07-25 18:35:34,388: [INFO] Queries execution completed (101143) - (main.py).run(36)
2022-07-25 18:35:35,907: [INFO] Duplicates removed (101143) - (main.py).run(39)
2022-07-25 18:35:46,488: [INFO] Product cards (650-700) collected (155597) - (main.py).run(28)
2022-07-25 18:35:46,492: [INFO] Queries creation completed (155597) - (main.py).run(33)
2022-07-25 18:35:46,728: [INFO] Queries execution completed (155597) - (main.py).run(36)
2022-07-25 18:35:48,218: [INFO] Duplicates removed (155597) - (main.py).run(39)
2022-07-25 18:35:49,136: [INFO] Product cards (700-750) collected (101143) - (main.py).run(28)
2022-07-25 18:35:49,139: [INFO] Queries creation completed (101143) - (main.py).run(33)
2022-07-25 18:35:49,334: [INFO] Queries execution completed (101143) - (main.py).run(36)
2022-07-25 18:35:50,822: [INFO] Duplicates removed (101143) - (main.py).run(39)
2022-07-25 18:36:02,491: [INFO] Product cards (700-750) collected (155597) - (main.py).run(28)
2022-07-25 18:36:02,496: [INFO] Queries creation completed (155597) - (main.py).run(33)
2022-07-25 18:36:02,734: [INFO] Queries execution completed (155597) - (main.py).run(36)
2022-07-25 18:36:04,239: [INFO] Duplicates removed (155597) - (main.py).run(39)
2022-07-25 18:36:04,685: [INFO] Product cards (750-800) collected (101143) - (main.py).run(28)
2022-07-25 18:36:04,687: [INFO] Queries creation completed (101143) - (main.py).run(33)
2022-07-25 18:36:04,853: [INFO] Queries execution completed (101143) - (main.py).run(36)
2022-07-25 18:36:06,340: [INFO] Duplicates removed (101143) - (main.py).run(39)
2022-07-25 18:36:18,718: [INFO] Product cards (750-800) collected (155597) - (main.py).run(28)
2022-07-25 18:36:18,721: [INFO] Queries creation completed (155597) - (main.py).run(33)
2022-07-25 18:36:18,946: [INFO] Queries execution completed (155597) - (main.py).run(36)
2022-07-25 18:36:19,964: [INFO] Product cards (800-850) collected (101143) - (main.py).run(28)
2022-07-25 18:36:19,967: [INFO] Queries creation completed (101143) - (main.py).run(33)
2022-07-25 18:36:20,134: [INFO] Queries execution completed (101143) - (main.py).run(36)
2022-07-25 18:36:20,444: [INFO] Duplicates removed (155597) - (main.py).run(39)
2022-07-25 18:36:21,650: [INFO] Duplicates removed (101143) - (main.py).run(39)
2022-07-25 18:36:33,735: [INFO] Product cards (850-900) collected (101143) - (main.py).run(28)
2022-07-25 18:36:33,737: [INFO] Queries creation completed (101143) - (main.py).run(33)
2022-07-25 18:36:33,874: [INFO] Queries execution completed (101143) - (main.py).run(36)
2022-07-25 18:36:35,355: [INFO] Duplicates removed (101143) - (main.py).run(39)
2022-07-25 18:36:35,403: [INFO] Product cards (800-850) collected (155597) - (main.py).run(28)
2022-07-25 18:36:35,407: [INFO] Queries creation completed (155597) - (main.py).run(33)
2022-07-25 18:36:35,659: [INFO] Queries execution completed (155597) - (main.py).run(36)
2022-07-25 18:36:37,176: [INFO] Duplicates removed (155597) - (main.py).run(39)
2022-07-25 18:36:48,162: [INFO] Product cards (900-950) collected (101143) - (main.py).run(28)
2022-07-25 18:36:48,164: [INFO] Queries creation completed (101143) - (main.py).run(33)
2022-07-25 18:36:48,319: [INFO] Queries execution completed (101143) - (main.py).run(36)
2022-07-25 18:36:49,815: [INFO] Duplicates removed (101143) - (main.py).run(39)
2022-07-25 18:36:50,547: [INFO] Product cards (850-900) collected (155597) - (main.py).run(28)
2022-07-25 18:36:50,552: [INFO] Queries creation completed (155597) - (main.py).run(33)
2022-07-25 18:36:50,780: [INFO] Queries execution completed (155597) - (main.py).run(36)
2022-07-25 18:36:52,285: [INFO] Duplicates removed (155597) - (main.py).run(39)
2022-07-25 18:37:01,407: [INFO] Product cards (950-1000) collected (101143) - (main.py).run(28)
2022-07-25 18:37:01,410: [INFO] Queries creation completed (101143) - (main.py).run(33)
2022-07-25 18:37:01,579: [INFO] Queries execution completed (101143) - (main.py).run(36)
2022-07-25 18:37:03,077: [INFO] Duplicates removed (101143) - (main.py).run(39)
2022-07-25 18:37:06,272: [INFO] Product cards (900-950) collected (155597) - (main.py).run(28)
2022-07-25 18:37:06,276: [INFO] Queries creation completed (155597) - (main.py).run(33)
2022-07-25 18:37:06,512: [INFO] Queries execution completed (155597) - (main.py).run(36)
2022-07-25 18:37:08,019: [INFO] Duplicates removed (155597) - (main.py).run(39)
2022-07-25 18:37:16,506: [INFO] Product cards (1000-1050) collected (101143) - (main.py).run(28)
2022-07-25 18:37:16,509: [INFO] Queries creation completed (101143) - (main.py).run(33)
2022-07-25 18:37:16,712: [INFO] Queries execution completed (101143) - (main.py).run(36)
2022-07-25 18:37:18,219: [INFO] Duplicates removed (101143) - (main.py).run(39)
2022-07-25 18:37:22,357: [INFO] Product cards (950-1000) collected (155597) - (main.py).run(28)
2022-07-25 18:37:22,362: [INFO] Queries creation completed (155597) - (main.py).run(33)
2022-07-25 18:37:22,617: [INFO] Queries execution completed (155597) - (main.py).run(36)
2022-07-25 18:37:24,148: [INFO] Duplicates removed (155597) - (main.py).run(39)
2022-07-25 18:37:30,568: [INFO] Product cards (1050-1100) collected (101143) - (main.py).run(28)
2022-07-25 18:37:30,571: [INFO] Queries creation completed (101143) - (main.py).run(33)
2022-07-25 18:37:30,743: [INFO] Queries execution completed (101143) - (main.py).run(36)
2022-07-25 18:37:32,242: [INFO] Duplicates removed (101143) - (main.py).run(39)
2022-07-25 18:37:37,521: [INFO] Product cards (1000-1050) collected (155597) - (main.py).run(28)
2022-07-25 18:37:37,526: [INFO] Queries creation completed (155597) - (main.py).run(33)
2022-07-25 18:37:37,786: [INFO] Queries execution completed (155597) - (main.py).run(36)
2022-07-25 18:37:39,292: [INFO] Duplicates removed (155597) - (main.py).run(39)
2022-07-25 18:37:47,809: [INFO] Product cards (1100-1150) collected (101143) - (main.py).run(28)
2022-07-25 18:37:47,811: [INFO] Queries creation completed (101143) - (main.py).run(33)
2022-07-25 18:37:47,979: [INFO] Queries execution completed (101143) - (main.py).run(36)
2022-07-25 18:37:49,476: [INFO] Duplicates removed (101143) - (main.py).run(39)
2022-07-25 18:37:52,155: [INFO] Product cards (1050-1100) collected (155597) - (main.py).run(28)
2022-07-25 18:37:52,159: [INFO] Queries creation completed (155597) - (main.py).run(33)
2022-07-25 18:37:52,380: [INFO] Queries execution completed (155597) - (main.py).run(36)
2022-07-25 18:37:53,888: [INFO] Duplicates removed (155597) - (main.py).run(39)
2022-07-25 18:38:01,538: [INFO] Product cards (1150-1200) collected (101143) - (main.py).run(28)
2022-07-25 18:38:01,541: [INFO] Queries creation completed (101143) - (main.py).run(33)
2022-07-25 18:38:01,733: [INFO] Queries execution completed (101143) - (main.py).run(36)
2022-07-25 18:38:03,236: [INFO] Duplicates removed (101143) - (main.py).run(39)
2022-07-25 18:38:06,558: [INFO] Product cards (1100-1150) collected (155597) - (main.py).run(28)
2022-07-25 18:38:06,562: [INFO] Queries creation completed (155597) - (main.py).run(33)
2022-07-25 18:38:06,805: [INFO] Queries execution completed (155597) - (main.py).run(36)
2022-07-25 18:38:08,313: [INFO] Duplicates removed (155597) - (main.py).run(39)
2022-07-25 18:38:15,326: [INFO] Product cards (1200-1250) collected (101143) - (main.py).run(28)
2022-07-25 18:38:15,329: [INFO] Queries creation completed (101143) - (main.py).run(33)
2022-07-25 18:38:15,503: [INFO] Queries execution completed (101143) - (main.py).run(36)
2022-07-25 18:38:16,999: [INFO] Duplicates removed (101143) - (main.py).run(39)
2022-07-25 18:38:20,890: [INFO] Product cards (1150-1200) collected (155597) - (main.py).run(28)
2022-07-25 18:38:20,894: [INFO] Queries creation completed (155597) - (main.py).run(33)
2022-07-25 18:38:21,121: [INFO] Queries execution completed (155597) - (main.py).run(36)
2022-07-25 18:38:22,634: [INFO] Duplicates removed (155597) - (main.py).run(39)
2022-07-25 18:38:29,360: [INFO] Product cards (1250-1300) collected (101143) - (main.py).run(28)
2022-07-25 18:38:29,362: [INFO] Queries creation completed (101143) - (main.py).run(33)
2022-07-25 18:38:29,509: [INFO] Queries execution completed (101143) - (main.py).run(36)
2022-07-25 18:38:31,005: [INFO] Duplicates removed (101143) - (main.py).run(39)
2022-07-25 18:38:34,878: [INFO] Product cards (1200-1250) collected (155597) - (main.py).run(28)
2022-07-25 18:38:34,883: [INFO] Queries creation completed (155597) - (main.py).run(33)
2022-07-25 18:38:35,152: [INFO] Queries execution completed (155597) - (main.py).run(36)
2022-07-25 18:38:36,665: [INFO] Duplicates removed (155597) - (main.py).run(39)
2022-07-25 18:38:45,514: [INFO] Product cards (1300-1350) collected (101143) - (main.py).run(28)
2022-07-25 18:38:45,517: [INFO] Queries creation completed (101143) - (main.py).run(33)
2022-07-25 18:38:45,716: [INFO] Queries execution completed (101143) - (main.py).run(36)
2022-07-25 18:38:47,220: [INFO] Duplicates removed (101143) - (main.py).run(39)
2022-07-25 18:38:50,082: [INFO] Product cards (1250-1300) collected (155597) - (main.py).run(28)
2022-07-25 18:38:50,086: [INFO] Queries creation completed (155597) - (main.py).run(33)
2022-07-25 18:38:50,335: [INFO] Queries execution completed (155597) - (main.py).run(36)
2022-07-25 18:38:51,842: [INFO] Duplicates removed (155597) - (main.py).run(39)
2022-07-25 18:38:59,965: [INFO] Product cards (1350-1400) collected (101143) - (main.py).run(28)
2022-07-25 18:38:59,969: [INFO] Queries creation completed (101143) - (main.py).run(33)
2022-07-25 18:39:00,191: [INFO] Queries execution completed (101143) - (main.py).run(36)
2022-07-25 18:39:01,692: [INFO] Duplicates removed (101143) - (main.py).run(39)
2022-07-25 18:39:05,273: [INFO] Product cards (1300-1350) collected (155597) - (main.py).run(28)
2022-07-25 18:39:05,277: [INFO] Queries creation completed (155597) - (main.py).run(33)
2022-07-25 18:39:05,498: [INFO] Queries execution completed (155597) - (main.py).run(36)
2022-07-25 18:39:07,009: [INFO] Duplicates removed (155597) - (main.py).run(39)
2022-07-25 18:39:15,574: [INFO] Product cards (1400-1450) collected (101143) - (main.py).run(28)
2022-07-25 18:39:15,577: [INFO] Queries creation completed (101143) - (main.py).run(33)
2022-07-25 18:39:15,746: [INFO] Queries execution completed (101143) - (main.py).run(36)
2022-07-25 18:39:17,243: [INFO] Duplicates removed (101143) - (main.py).run(39)
2022-07-25 18:39:19,538: [INFO] Product cards (1350-1400) collected (155597) - (main.py).run(28)
2022-07-25 18:39:19,542: [INFO] Queries creation completed (155597) - (main.py).run(33)
2022-07-25 18:39:19,792: [INFO] Queries execution completed (155597) - (main.py).run(36)
2022-07-25 18:39:21,301: [INFO] Duplicates removed (155597) - (main.py).run(39)
2022-07-25 18:39:29,830: [INFO] Product cards (1450-1500) collected (101143) - (main.py).run(28)
2022-07-25 18:39:29,833: [INFO] Queries creation completed (101143) - (main.py).run(33)
2022-07-25 18:39:30,010: [INFO] Queries execution completed (101143) - (main.py).run(36)
2022-07-25 18:39:31,510: [INFO] Duplicates removed (101143) - (main.py).run(39)
2022-07-25 18:39:34,113: [INFO] Product cards (1400-1450) collected (155597) - (main.py).run(28)
2022-07-25 18:39:34,117: [INFO] Queries creation completed (155597) - (main.py).run(33)
2022-07-25 18:39:34,327: [INFO] Queries execution completed (155597) - (main.py).run(36)
2022-07-25 18:39:35,830: [INFO] Duplicates removed (155597) - (main.py).run(39)
2022-07-25 18:39:43,500: [INFO] Product cards (1500-1550) collected (101143) - (main.py).run(28)
2022-07-25 18:39:43,503: [INFO] Queries creation completed (101143) - (main.py).run(33)
2022-07-25 18:39:43,699: [INFO] Queries execution completed (101143) - (main.py).run(36)
2022-07-25 18:39:45,193: [INFO] Duplicates removed (101143) - (main.py).run(39)
2022-07-25 18:39:50,269: [INFO] Product cards (1450-1500) collected (155597) - (main.py).run(28)
2022-07-25 18:39:50,274: [INFO] Queries creation completed (155597) - (main.py).run(33)
2022-07-25 18:39:50,519: [INFO] Queries execution completed (155597) - (main.py).run(36)
2022-07-25 18:39:52,027: [INFO] Duplicates removed (155597) - (main.py).run(39)
2022-07-25 18:39:59,184: [INFO] Product cards (1550-1600) collected (101143) - (main.py).run(28)
2022-07-25 18:39:59,187: [INFO] Queries creation completed (101143) - (main.py).run(33)
2022-07-25 18:39:59,381: [INFO] Queries execution completed (101143) - (main.py).run(36)
2022-07-25 18:40:00,878: [INFO] Duplicates removed (101143) - (main.py).run(39)
2022-07-25 18:40:10,024: [INFO] Product cards (1500-1550) collected (155597) - (main.py).run(28)
2022-07-25 18:40:10,029: [INFO] Queries creation completed (155597) - (main.py).run(33)
2022-07-25 18:40:10,267: [INFO] Queries execution completed (155597) - (main.py).run(36)
2022-07-25 18:40:11,765: [INFO] Duplicates removed (155597) - (main.py).run(39)
2022-07-25 18:40:18,348: [INFO] Product cards (1600-1650) collected (101143) - (main.py).run(28)
2022-07-25 18:40:18,351: [INFO] Queries creation completed (101143) - (main.py).run(33)
2022-07-25 18:40:18,533: [INFO] Queries execution completed (101143) - (main.py).run(36)
2022-07-25 18:40:20,030: [INFO] Duplicates removed (101143) - (main.py).run(39)
2022-07-25 18:40:25,802: [INFO] Product cards (1550-1600) collected (155597) - (main.py).run(28)
2022-07-25 18:40:25,807: [INFO] Queries creation completed (155597) - (main.py).run(33)
2022-07-25 18:40:26,048: [INFO] Queries execution completed (155597) - (main.py).run(36)
2022-07-25 18:40:27,548: [INFO] Duplicates removed (155597) - (main.py).run(39)
2022-07-25 18:40:34,888: [INFO] Product cards (1650-1700) collected (101143) - (main.py).run(28)
2022-07-25 18:40:34,891: [INFO] Queries creation completed (101143) - (main.py).run(33)
2022-07-25 18:40:35,081: [INFO] Queries execution completed (101143) - (main.py).run(36)
2022-07-25 18:40:36,581: [INFO] Duplicates removed (101143) - (main.py).run(39)
2022-07-25 18:40:41,573: [INFO] Product cards (1600-1650) collected (155597) - (main.py).run(28)
2022-07-25 18:40:41,578: [INFO] Queries creation completed (155597) - (main.py).run(33)
2022-07-25 18:40:41,849: [INFO] Queries execution completed (155597) - (main.py).run(36)
2022-07-25 18:40:43,416: [INFO] Duplicates removed (155597) - (main.py).run(39)
2022-07-25 18:40:50,004: [INFO] Product cards (1700-1750) collected (101143) - (main.py).run(28)
2022-07-25 18:40:50,007: [INFO] Queries creation completed (101143) - (main.py).run(33)
2022-07-25 18:40:50,185: [INFO] Queries execution completed (101143) - (main.py).run(36)
2022-07-25 18:40:51,680: [INFO] Duplicates removed (101143) - (main.py).run(39)
2022-07-25 18:40:57,618: [INFO] Product cards (1650-1700) collected (155597) - (main.py).run(28)
2022-07-25 18:40:57,622: [INFO] Queries creation completed (155597) - (main.py).run(33)
2022-07-25 18:40:57,883: [INFO] Queries execution completed (155597) - (main.py).run(36)
2022-07-25 18:40:59,413: [INFO] Duplicates removed (155597) - (main.py).run(39)
2022-07-25 18:41:03,727: [INFO] Product cards (1750-1800) collected (101143) - (main.py).run(28)
2022-07-25 18:41:03,730: [INFO] Queries creation completed (101143) - (main.py).run(33)
2022-07-25 18:41:03,884: [INFO] Queries execution completed (101143) - (main.py).run(36)
2022-07-25 18:41:05,377: [INFO] Duplicates removed (101143) - (main.py).run(39)
2022-07-25 18:41:12,650: [INFO] Product cards (1700-1750) collected (155597) - (main.py).run(28)
2022-07-25 18:41:12,654: [INFO] Queries creation completed (155597) - (main.py).run(33)
2022-07-25 18:41:12,882: [INFO] Queries execution completed (155597) - (main.py).run(36)
2022-07-25 18:41:14,369: [INFO] Duplicates removed (155597) - (main.py).run(39)
2022-07-25 18:41:16,994: [INFO] Product cards (1800-1850) collected (101143) - (main.py).run(28)
2022-07-25 18:41:16,996: [INFO] Queries creation completed (101143) - (main.py).run(33)
2022-07-25 18:41:17,117: [INFO] Queries execution completed (101143) - (main.py).run(36)
2022-07-25 18:41:18,606: [INFO] Duplicates removed (101143) - (main.py).run(39)
2022-07-25 18:41:27,165: [INFO] Product cards (1750-1800) collected (155597) - (main.py).run(28)
2022-07-25 18:41:27,171: [INFO] Queries creation completed (155597) - (main.py).run(33)
2022-07-25 18:41:27,415: [INFO] Queries execution completed (155597) - (main.py).run(36)
2022-07-25 18:41:28,921: [INFO] Duplicates removed (155597) - (main.py).run(39)
2022-07-25 18:41:31,484: [INFO] Product cards (1850-1900) collected (101143) - (main.py).run(28)
2022-07-25 18:41:31,486: [INFO] Queries creation completed (101143) - (main.py).run(33)
2022-07-25 18:41:31,637: [INFO] Queries execution completed (101143) - (main.py).run(36)
2022-07-25 18:41:33,139: [INFO] Duplicates removed (101143) - (main.py).run(39)
2022-07-25 18:41:41,963: [INFO] Product cards (1800-1850) collected (155597) - (main.py).run(28)
2022-07-25 18:41:41,967: [INFO] Queries creation completed (155597) - (main.py).run(33)
2022-07-25 18:41:42,207: [INFO] Queries execution completed (155597) - (main.py).run(36)
2022-07-25 18:41:43,704: [INFO] Duplicates removed (155597) - (main.py).run(39)
2022-07-25 18:41:45,802: [INFO] Product cards (1900-1950) collected (101143) - (main.py).run(28)
2022-07-25 18:41:45,805: [INFO] Queries creation completed (101143) - (main.py).run(33)
2022-07-25 18:41:45,946: [INFO] Queries execution completed (101143) - (main.py).run(36)
2022-07-25 18:41:47,443: [INFO] Duplicates removed (101143) - (main.py).run(39)
2022-07-25 18:41:55,691: [INFO] Product cards (1850-1900) collected (155597) - (main.py).run(28)
2022-07-25 18:41:55,695: [INFO] Queries creation completed (155597) - (main.py).run(33)
2022-07-25 18:41:55,905: [INFO] Queries execution completed (155597) - (main.py).run(36)
2022-07-25 18:41:57,397: [INFO] Duplicates removed (155597) - (main.py).run(39)
2022-07-25 18:42:01,154: [INFO] Product cards (1950-2000) collected (101143) - (main.py).run(28)
2022-07-25 18:42:01,157: [INFO] Queries creation completed (101143) - (main.py).run(33)
2022-07-25 18:42:01,292: [INFO] Queries execution completed (101143) - (main.py).run(36)
2022-07-25 18:42:02,775: [INFO] Duplicates removed (101143) - (main.py).run(39)
2022-07-25 18:42:10,769: [INFO] Product cards (1900-1950) collected (155597) - (main.py).run(28)
2022-07-25 18:42:10,773: [INFO] Queries creation completed (155597) - (main.py).run(33)
2022-07-25 18:42:11,004: [INFO] Queries execution completed (155597) - (main.py).run(36)
2022-07-25 18:42:12,507: [INFO] Duplicates removed (155597) - (main.py).run(39)
2022-07-25 18:42:15,931: [INFO] Product cards (2000-2050) collected (101143) - (main.py).run(28)
2022-07-25 18:42:15,934: [INFO] Queries creation completed (101143) - (main.py).run(33)
2022-07-25 18:42:16,104: [INFO] Queries execution completed (101143) - (main.py).run(36)
2022-07-25 18:42:17,598: [INFO] Duplicates removed (101143) - (main.py).run(39)
2022-07-25 18:42:27,479: [INFO] Product cards (1950-2000) collected (155597) - (main.py).run(28)
2022-07-25 18:42:27,483: [INFO] Queries creation completed (155597) - (main.py).run(33)
2022-07-25 18:42:27,716: [INFO] Queries execution completed (155597) - (main.py).run(36)
2022-07-25 18:42:29,213: [INFO] Duplicates removed (155597) - (main.py).run(39)
2022-07-25 18:42:32,950: [INFO] Product cards (2050-2100) collected (101143) - (main.py).run(28)
2022-07-25 18:42:32,953: [INFO] Queries creation completed (101143) - (main.py).run(33)
2022-07-25 18:42:33,096: [INFO] Queries execution completed (101143) - (main.py).run(36)
2022-07-25 18:42:34,583: [INFO] Duplicates removed (101143) - (main.py).run(39)
2022-07-25 18:42:42,917: [INFO] Product cards (2000-2050) collected (155597) - (main.py).run(28)
2022-07-25 18:42:42,921: [INFO] Queries creation completed (155597) - (main.py).run(33)
2022-07-25 18:42:43,151: [INFO] Queries execution completed (155597) - (main.py).run(36)
2022-07-25 18:42:44,651: [INFO] Duplicates removed (155597) - (main.py).run(39)
2022-07-25 18:42:48,419: [INFO] Product cards (2100-2150) collected (101143) - (main.py).run(28)
2022-07-25 18:42:48,421: [INFO] Queries creation completed (101143) - (main.py).run(33)
2022-07-25 18:42:48,572: [INFO] Queries execution completed (101143) - (main.py).run(36)
2022-07-25 18:42:50,062: [INFO] Duplicates removed (101143) - (main.py).run(39)
2022-07-25 18:42:58,567: [INFO] Product cards (2050-2100) collected (155597) - (main.py).run(28)
2022-07-25 18:42:58,571: [INFO] Queries creation completed (155597) - (main.py).run(33)
2022-07-25 18:42:58,812: [INFO] Queries execution completed (155597) - (main.py).run(36)
2022-07-25 18:43:00,303: [INFO] Duplicates removed (155597) - (main.py).run(39)
2022-07-25 18:43:05,164: [INFO] Product cards (2150-2200) collected (101143) - (main.py).run(28)
2022-07-25 18:43:05,167: [INFO] Queries creation completed (101143) - (main.py).run(33)
2022-07-25 18:43:05,318: [INFO] Queries execution completed (101143) - (main.py).run(36)
2022-07-25 18:43:06,833: [INFO] Duplicates removed (101143) - (main.py).run(39)
2022-07-25 18:43:14,127: [INFO] Product cards (2100-2150) collected (155597) - (main.py).run(28)
2022-07-25 18:43:14,131: [INFO] Queries creation completed (155597) - (main.py).run(33)
2022-07-25 18:43:14,348: [INFO] Queries execution completed (155597) - (main.py).run(36)
2022-07-25 18:43:15,841: [INFO] Duplicates removed (155597) - (main.py).run(39)
2022-07-25 18:43:19,235: [INFO] Product cards (2200-2250) collected (101143) - (main.py).run(28)
2022-07-25 18:43:19,238: [INFO] Queries creation completed (101143) - (main.py).run(33)
2022-07-25 18:43:19,370: [INFO] Queries execution completed (101143) - (main.py).run(36)
2022-07-25 18:43:20,856: [INFO] Duplicates removed (101143) - (main.py).run(39)
2022-07-25 18:43:29,592: [INFO] Product cards (2150-2200) collected (155597) - (main.py).run(28)
2022-07-25 18:43:29,596: [INFO] Queries creation completed (155597) - (main.py).run(33)
2022-07-25 18:43:29,821: [INFO] Queries execution completed (155597) - (main.py).run(36)
2022-07-25 18:43:31,313: [INFO] Duplicates removed (155597) - (main.py).run(39)
2022-07-25 18:43:32,946: [INFO] Product cards (2250-2300) collected (101143) - (main.py).run(28)
2022-07-25 18:43:32,948: [INFO] Queries creation completed (101143) - (main.py).run(33)
2022-07-25 18:43:33,076: [INFO] Queries execution completed (101143) - (main.py).run(36)
2022-07-25 18:43:34,562: [INFO] Duplicates removed (101143) - (main.py).run(39)
2022-07-25 18:43:43,681: [INFO] Product cards (2200-2250) collected (155597) - (main.py).run(28)
2022-07-25 18:43:43,685: [INFO] Queries creation completed (155597) - (main.py).run(33)
2022-07-25 18:43:43,928: [INFO] Queries execution completed (155597) - (main.py).run(36)
2022-07-25 18:43:45,420: [INFO] Duplicates removed (155597) - (main.py).run(39)
2022-07-25 18:43:47,579: [INFO] Product cards (2300-2350) collected (101143) - (main.py).run(28)
2022-07-25 18:43:47,581: [INFO] Queries creation completed (101143) - (main.py).run(33)
2022-07-25 18:43:47,715: [INFO] Queries execution completed (101143) - (main.py).run(36)
2022-07-25 18:43:49,204: [INFO] Duplicates removed (101143) - (main.py).run(39)
2022-07-25 18:43:58,365: [INFO] Product cards (2250-2300) collected (155597) - (main.py).run(28)
2022-07-25 18:43:58,369: [INFO] Queries creation completed (155597) - (main.py).run(33)
2022-07-25 18:43:58,597: [INFO] Queries execution completed (155597) - (main.py).run(36)
2022-07-25 18:44:00,087: [INFO] Duplicates removed (155597) - (main.py).run(39)
2022-07-25 18:44:02,820: [INFO] Product cards (2350-2400) collected (101143) - (main.py).run(28)
2022-07-25 18:44:02,822: [INFO] Queries creation completed (101143) - (main.py).run(33)
2022-07-25 18:44:02,948: [INFO] Queries execution completed (101143) - (main.py).run(36)
2022-07-25 18:44:04,428: [INFO] Duplicates removed (101143) - (main.py).run(39)
2022-07-25 18:44:14,970: [INFO] Product cards (2300-2350) collected (155597) - (main.py).run(28)
2022-07-25 18:44:14,974: [INFO] Queries creation completed (155597) - (main.py).run(33)
2022-07-25 18:44:15,202: [INFO] Queries execution completed (155597) - (main.py).run(36)
2022-07-25 18:44:16,698: [INFO] Duplicates removed (155597) - (main.py).run(39)
2022-07-25 18:44:17,303: [INFO] Product cards (2400-2450) collected (101143) - (main.py).run(28)
2022-07-25 18:44:17,305: [INFO] Queries creation completed (101143) - (main.py).run(33)
2022-07-25 18:44:17,429: [INFO] Queries execution completed (101143) - (main.py).run(36)
2022-07-25 18:44:18,910: [INFO] Duplicates removed (101143) - (main.py).run(39)
2022-07-25 18:44:29,341: [INFO] Product cards (2350-2400) collected (155597) - (main.py).run(28)
2022-07-25 18:44:29,345: [INFO] Queries creation completed (155597) - (main.py).run(33)
2022-07-25 18:44:29,576: [INFO] Queries execution completed (155597) - (main.py).run(36)
2022-07-25 18:44:31,061: [INFO] Duplicates removed (155597) - (main.py).run(39)
2022-07-25 18:44:31,942: [INFO] Product cards (2450-2500) collected (101143) - (main.py).run(28)
2022-07-25 18:44:31,944: [INFO] Queries creation completed (101143) - (main.py).run(33)
2022-07-25 18:44:32,070: [INFO] Queries execution completed (101143) - (main.py).run(36)
2022-07-25 18:44:33,589: [INFO] Duplicates removed (101143) - (main.py).run(39)
2022-07-25 18:44:45,860: [INFO] Product cards (2400-2450) collected (155597) - (main.py).run(28)
2022-07-25 18:44:45,864: [INFO] Queries creation completed (155597) - (main.py).run(33)
2022-07-25 18:44:46,095: [INFO] Queries execution completed (155597) - (main.py).run(36)
2022-07-25 18:44:47,002: [INFO] Product cards (2500-2550) collected (101143) - (main.py).run(28)
2022-07-25 18:44:47,004: [INFO] Queries creation completed (101143) - (main.py).run(33)
2022-07-25 18:44:47,142: [INFO] Queries execution completed (101143) - (main.py).run(36)
2022-07-25 18:44:47,615: [INFO] Duplicates removed (155597) - (main.py).run(39)
2022-07-25 18:44:48,681: [INFO] Duplicates removed (101143) - (main.py).run(39)
2022-07-25 18:45:02,630: [INFO] Product cards (2550-2600) collected (101143) - (main.py).run(28)
2022-07-25 18:45:02,632: [INFO] Queries creation completed (101143) - (main.py).run(33)
2022-07-25 18:45:02,761: [INFO] Queries execution completed (101143) - (main.py).run(36)
2022-07-25 18:45:04,280: [INFO] Duplicates removed (101143) - (main.py).run(39)
2022-07-25 18:45:06,250: [INFO] Product cards (2450-2500) collected (155597) - (main.py).run(28)
2022-07-25 18:45:06,255: [INFO] Queries creation completed (155597) - (main.py).run(33)
2022-07-25 18:45:06,484: [INFO] Queries execution completed (155597) - (main.py).run(36)
2022-07-25 18:45:08,023: [INFO] Duplicates removed (155597) - (main.py).run(39)
2022-07-25 18:45:20,683: [INFO] Product cards (2600-2650) collected (101143) - (main.py).run(28)
2022-07-25 18:45:20,686: [INFO] Queries creation completed (101143) - (main.py).run(33)
2022-07-25 18:45:20,831: [INFO] Queries execution completed (101143) - (main.py).run(36)
2022-07-25 18:45:22,220: [INFO] Product cards (2500-2550) collected (155597) - (main.py).run(28)
2022-07-25 18:45:22,225: [INFO] Queries creation completed (155597) - (main.py).run(33)
2022-07-25 18:45:22,379: [INFO] Duplicates removed (101143) - (main.py).run(39)
2022-07-25 18:45:22,474: [INFO] Queries execution completed (155597) - (main.py).run(36)
2022-07-25 18:45:24,051: [INFO] Duplicates removed (155597) - (main.py).run(39)
2022-07-25 18:45:37,714: [INFO] Product cards (2650-2700) collected (101143) - (main.py).run(28)
2022-07-25 18:45:37,717: [INFO] Queries creation completed (101143) - (main.py).run(33)
2022-07-25 18:45:37,882: [INFO] Queries execution completed (101143) - (main.py).run(36)
2022-07-25 18:45:38,627: [INFO] Product cards (2550-2600) collected (155597) - (main.py).run(28)
2022-07-25 18:45:38,630: [INFO] Queries creation completed (155597) - (main.py).run(33)
2022-07-25 18:45:38,831: [INFO] Queries execution completed (155597) - (main.py).run(36)
2022-07-25 18:45:39,482: [INFO] Duplicates removed (101143) - (main.py).run(39)
2022-07-25 18:45:40,446: [INFO] Duplicates removed (155597) - (main.py).run(39)
2022-07-25 18:45:52,945: [INFO] Product cards (2700-2750) collected (101143) - (main.py).run(28)
2022-07-25 18:45:52,948: [INFO] Queries creation completed (101143) - (main.py).run(33)
2022-07-25 18:45:53,098: [INFO] Queries execution completed (101143) - (main.py).run(36)
2022-07-25 18:45:54,712: [INFO] Duplicates removed (101143) - (main.py).run(39)
2022-07-25 18:45:54,738: [INFO] Product cards (2600-2650) collected (155597) - (main.py).run(28)
2022-07-25 18:45:54,742: [INFO] Queries creation completed (155597) - (main.py).run(33)
2022-07-25 18:45:54,962: [INFO] Queries execution completed (155597) - (main.py).run(36)
2022-07-25 18:45:56,592: [INFO] Duplicates removed (155597) - (main.py).run(39)
2022-07-25 18:46:08,138: [INFO] Product cards (2750-2800) collected (101143) - (main.py).run(28)
2022-07-25 18:46:08,141: [INFO] Queries creation completed (101143) - (main.py).run(33)
2022-07-25 18:46:08,298: [INFO] Queries execution completed (101143) - (main.py).run(36)
2022-07-25 18:46:09,952: [INFO] Duplicates removed (101143) - (main.py).run(39)
2022-07-25 18:46:10,277: [INFO] Product cards (2650-2700) collected (155597) - (main.py).run(28)
2022-07-25 18:46:10,282: [INFO] Queries creation completed (155597) - (main.py).run(33)
2022-07-25 18:46:10,540: [INFO] Queries execution completed (155597) - (main.py).run(36)
2022-07-25 18:46:12,225: [INFO] Duplicates removed (155597) - (main.py).run(39)
2022-07-25 18:46:22,068: [INFO] Product cards (2800-2850) collected (101143) - (main.py).run(28)
2022-07-25 18:46:22,070: [INFO] Queries creation completed (101143) - (main.py).run(33)
2022-07-25 18:46:22,248: [INFO] Queries execution completed (101143) - (main.py).run(36)
2022-07-25 18:46:23,942: [INFO] Duplicates removed (101143) - (main.py).run(39)
2022-07-25 18:46:24,215: [INFO] Product cards (2700-2750) collected (155597) - (main.py).run(28)
2022-07-25 18:46:24,219: [INFO] Queries creation completed (155597) - (main.py).run(33)
2022-07-25 18:46:24,447: [INFO] Queries execution completed (155597) - (main.py).run(36)
2022-07-25 18:46:26,164: [INFO] Duplicates removed (155597) - (main.py).run(39)
2022-07-25 18:46:37,982: [INFO] Product cards (2850-2900) collected (101143) - (main.py).run(28)
2022-07-25 18:46:37,985: [INFO] Queries creation completed (101143) - (main.py).run(33)
2022-07-25 18:46:38,152: [INFO] Queries execution completed (101143) - (main.py).run(36)
2022-07-25 18:46:39,536: [INFO] Product cards (2750-2800) collected (155597) - (main.py).run(28)
2022-07-25 18:46:39,540: [INFO] Queries creation completed (155597) - (main.py).run(33)
2022-07-25 18:46:39,771: [INFO] Queries execution completed (155597) - (main.py).run(36)
2022-07-25 18:46:39,922: [INFO] Duplicates removed (101143) - (main.py).run(39)
2022-07-25 18:46:41,519: [INFO] Duplicates removed (155597) - (main.py).run(39)
2022-07-25 18:46:54,593: [INFO] Product cards (2900-2950) collected (101143) - (main.py).run(28)
2022-07-25 18:46:54,596: [INFO] Queries creation completed (101143) - (main.py).run(33)
2022-07-25 18:46:54,762: [INFO] Queries execution completed (101143) - (main.py).run(36)
2022-07-25 18:46:56,216: [INFO] Product cards (2800-2850) collected (155597) - (main.py).run(28)
2022-07-25 18:46:56,220: [INFO] Queries creation completed (155597) - (main.py).run(33)
2022-07-25 18:46:56,431: [INFO] Queries execution completed (155597) - (main.py).run(36)
2022-07-25 18:46:56,520: [INFO] Duplicates removed (101143) - (main.py).run(39)
2022-07-25 18:46:58,204: [INFO] Duplicates removed (155597) - (main.py).run(39)
2022-07-25 18:47:08,903: [INFO] Product cards (2950-3000) collected (101143) - (main.py).run(28)
2022-07-25 18:47:08,906: [INFO] Queries creation completed (101143) - (main.py).run(33)
2022-07-25 18:47:09,068: [INFO] Queries execution completed (101143) - (main.py).run(36)
2022-07-25 18:47:10,499: [INFO] Product cards (2850-2900) collected (155597) - (main.py).run(28)
2022-07-25 18:47:10,503: [INFO] Queries creation completed (155597) - (main.py).run(33)
2022-07-25 18:47:10,721: [INFO] Queries execution completed (155597) - (main.py).run(36)
2022-07-25 18:47:10,873: [INFO] Duplicates removed (101143) - (main.py).run(39)
2022-07-25 18:47:12,536: [INFO] Duplicates removed (155597) - (main.py).run(39)
2022-07-25 18:47:23,322: [INFO] Product cards (3000-3050) collected (101143) - (main.py).run(28)
2022-07-25 18:47:23,325: [INFO] Queries creation completed (101143) - (main.py).run(33)
2022-07-25 18:47:23,487: [INFO] Queries execution completed (101143) - (main.py).run(36)
2022-07-25 18:47:25,308: [INFO] Duplicates removed (101143) - (main.py).run(39)
2022-07-25 18:47:25,443: [INFO] Product cards (2900-2950) collected (155597) - (main.py).run(28)
2022-07-25 18:47:25,447: [INFO] Queries creation completed (155597) - (main.py).run(33)
2022-07-25 18:47:25,680: [INFO] Queries execution completed (155597) - (main.py).run(36)
2022-07-25 18:47:27,522: [INFO] Duplicates removed (155597) - (main.py).run(39)
2022-07-25 18:47:37,557: [INFO] Product cards (3050-3100) collected (101143) - (main.py).run(28)
2022-07-25 18:47:37,560: [INFO] Queries creation completed (101143) - (main.py).run(33)
2022-07-25 18:47:37,735: [INFO] Queries execution completed (101143) - (main.py).run(36)
2022-07-25 18:47:39,614: [INFO] Duplicates removed (101143) - (main.py).run(39)
2022-07-25 18:47:40,335: [INFO] Product cards (2950-3000) collected (155597) - (main.py).run(28)
2022-07-25 18:47:40,339: [INFO] Queries creation completed (155597) - (main.py).run(33)
2022-07-25 18:47:40,577: [INFO] Queries execution completed (155597) - (main.py).run(36)
2022-07-25 18:47:42,460: [INFO] Duplicates removed (155597) - (main.py).run(39)
2022-07-25 18:47:54,507: [INFO] Product cards (3100-3150) collected (101143) - (main.py).run(28)
2022-07-25 18:47:54,510: [INFO] Queries creation completed (101143) - (main.py).run(33)
2022-07-25 18:47:54,677: [INFO] Queries execution completed (101143) - (main.py).run(36)
2022-07-25 18:47:56,555: [INFO] Duplicates removed (101143) - (main.py).run(39)
2022-07-25 18:47:56,801: [INFO] Product cards (3000-3050) collected (155597) - (main.py).run(28)
2022-07-25 18:47:56,804: [INFO] Queries creation completed (155597) - (main.py).run(33)
2022-07-25 18:47:57,016: [INFO] Queries execution completed (155597) - (main.py).run(36)
2022-07-25 18:47:58,919: [INFO] Duplicates removed (155597) - (main.py).run(39)
2022-07-25 18:48:11,586: [INFO] Product cards (3150-3200) collected (101143) - (main.py).run(28)
2022-07-25 18:48:11,588: [INFO] Queries creation completed (101143) - (main.py).run(33)
2022-07-25 18:48:11,741: [INFO] Queries execution completed (101143) - (main.py).run(36)
2022-07-25 18:48:13,640: [INFO] Duplicates removed (101143) - (main.py).run(39)
2022-07-25 18:48:13,649: [INFO] Product cards (3050-3100) collected (155597) - (main.py).run(28)
2022-07-25 18:48:13,653: [INFO] Queries creation completed (155597) - (main.py).run(33)
2022-07-25 18:48:13,890: [INFO] Queries execution completed (155597) - (main.py).run(36)
2022-07-25 18:48:15,813: [INFO] Duplicates removed (155597) - (main.py).run(39)
2022-07-25 18:48:27,308: [INFO] Product cards (3200-3250) collected (101143) - (main.py).run(28)
2022-07-25 18:48:27,311: [INFO] Queries creation completed (101143) - (main.py).run(33)
2022-07-25 18:48:27,468: [INFO] Queries execution completed (101143) - (main.py).run(36)
2022-07-25 18:48:29,159: [INFO] Product cards (3100-3150) collected (155597) - (main.py).run(28)
2022-07-25 18:48:29,163: [INFO] Queries creation completed (155597) - (main.py).run(33)
2022-07-25 18:48:29,392: [INFO] Queries execution completed (155597) - (main.py).run(36)
2022-07-25 18:48:29,411: [INFO] Duplicates removed (101143) - (main.py).run(39)
2022-07-25 18:48:31,362: [INFO] Duplicates removed (155597) - (main.py).run(39)
2022-07-25 18:48:42,966: [INFO] Product cards (3250-3300) collected (101143) - (main.py).run(28)
2022-07-25 18:48:42,969: [INFO] Queries creation completed (101143) - (main.py).run(33)
2022-07-25 18:48:43,119: [INFO] Queries execution completed (101143) - (main.py).run(36)
2022-07-25 18:48:44,954: [INFO] Product cards (3150-3200) collected (155597) - (main.py).run(28)
2022-07-25 18:48:44,958: [INFO] Queries creation completed (155597) - (main.py).run(33)
2022-07-25 18:48:45,155: [INFO] Duplicates removed (101143) - (main.py).run(39)
2022-07-25 18:48:45,208: [INFO] Queries execution completed (155597) - (main.py).run(36)
2022-07-25 18:48:47,210: [INFO] Duplicates removed (155597) - (main.py).run(39)
2022-07-25 18:48:59,936: [INFO] Product cards (3200-3250) collected (155597) - (main.py).run(28)
2022-07-25 18:48:59,940: [INFO] Queries creation completed (155597) - (main.py).run(33)
2022-07-25 18:49:00,161: [INFO] Queries execution completed (155597) - (main.py).run(36)
2022-07-25 18:49:02,165: [INFO] Duplicates removed (155597) - (main.py).run(39)
2022-07-25 18:49:02,396: [INFO] Product cards (3300-3350) collected (101143) - (main.py).run(28)
2022-07-25 18:49:02,398: [INFO] Queries creation completed (101143) - (main.py).run(33)
2022-07-25 18:49:02,543: [INFO] Queries execution completed (101143) - (main.py).run(36)
2022-07-25 18:49:04,559: [INFO] Duplicates removed (101143) - (main.py).run(39)
2022-07-25 18:49:14,294: [INFO] Product cards (3250-3300) collected (155597) - (main.py).run(28)
2022-07-25 18:49:14,299: [INFO] Queries creation completed (155597) - (main.py).run(33)
2022-07-25 18:49:14,556: [INFO] Queries execution completed (155597) - (main.py).run(36)
2022-07-25 18:49:16,594: [INFO] Duplicates removed (155597) - (main.py).run(39)
2022-07-25 18:49:17,421: [INFO] Product cards (3350-3400) collected (101143) - (main.py).run(28)
2022-07-25 18:49:17,423: [INFO] Queries creation completed (101143) - (main.py).run(33)
2022-07-25 18:49:17,563: [INFO] Queries execution completed (101143) - (main.py).run(36)
2022-07-25 18:49:19,604: [INFO] Duplicates removed (101143) - (main.py).run(39)
2022-07-25 18:49:28,812: [INFO] Product cards (3300-3350) collected (155597) - (main.py).run(28)
2022-07-25 18:49:28,816: [INFO] Queries creation completed (155597) - (main.py).run(33)
2022-07-25 18:49:29,047: [INFO] Queries execution completed (155597) - (main.py).run(36)
2022-07-25 18:49:31,112: [INFO] Duplicates removed (155597) - (main.py).run(39)
2022-07-25 18:49:33,264: [INFO] Product cards (3400-3450) collected (101143) - (main.py).run(28)
2022-07-25 18:49:33,265: [INFO] Queries creation completed (101143) - (main.py).run(33)
2022-07-25 18:49:33,389: [INFO] Queries execution completed (101143) - (main.py).run(36)
2022-07-25 18:49:35,459: [INFO] Duplicates removed (101143) - (main.py).run(39)
2022-07-25 18:49:43,682: [INFO] Product cards (3350-3400) collected (155597) - (main.py).run(28)
2022-07-25 18:49:43,687: [INFO] Queries creation completed (155597) - (main.py).run(33)
2022-07-25 18:49:43,935: [INFO] Queries execution completed (155597) - (main.py).run(36)
2022-07-25 18:49:46,030: [INFO] Duplicates removed (155597) - (main.py).run(39)
2022-07-25 18:49:47,570: [INFO] Product cards (3450-3500) collected (101143) - (main.py).run(28)
2022-07-25 18:49:47,571: [INFO] Queries creation completed (101143) - (main.py).run(33)
2022-07-25 18:49:47,691: [INFO] Queries execution completed (101143) - (main.py).run(36)
2022-07-25 18:49:49,807: [INFO] Duplicates removed (101143) - (main.py).run(39)
2022-07-25 18:50:03,100: [INFO] Product cards (3400-3450) collected (155597) - (main.py).run(28)
2022-07-25 18:50:03,104: [INFO] Queries creation completed (155597) - (main.py).run(33)
2022-07-25 18:50:03,340: [INFO] Queries execution completed (155597) - (main.py).run(36)
2022-07-25 18:50:05,461: [INFO] Duplicates removed (155597) - (main.py).run(39)
2022-07-25 18:50:06,024: [INFO] Product cards (3500-3550) collected (101143) - (main.py).run(28)
2022-07-25 18:50:06,026: [INFO] Queries creation completed (101143) - (main.py).run(33)
2022-07-25 18:50:06,180: [INFO] Queries execution completed (101143) - (main.py).run(36)
2022-07-25 18:50:08,320: [INFO] Duplicates removed (101143) - (main.py).run(39)
2022-07-25 18:50:22,812: [INFO] Product cards (3550-3600) collected (101143) - (main.py).run(28)
2022-07-25 18:50:22,815: [INFO] Queries creation completed (101143) - (main.py).run(33)
2022-07-25 18:50:22,967: [INFO] Queries execution completed (101143) - (main.py).run(36)
2022-07-25 18:50:23,170: [INFO] Product cards (3450-3500) collected (155597) - (main.py).run(28)
2022-07-25 18:50:23,174: [INFO] Queries creation completed (155597) - (main.py).run(33)
2022-07-25 18:50:23,403: [INFO] Queries execution completed (155597) - (main.py).run(36)
2022-07-25 18:50:25,143: [INFO] Duplicates removed (101143) - (main.py).run(39)
2022-07-25 18:50:25,597: [INFO] Duplicates removed (155597) - (main.py).run(39)
2022-07-25 18:50:39,347: [INFO] Product cards (3500-3550) collected (155597) - (main.py).run(28)
2022-07-25 18:50:39,352: [INFO] Queries creation completed (155597) - (main.py).run(33)
2022-07-25 18:50:39,585: [INFO] Queries execution completed (155597) - (main.py).run(36)
2022-07-25 18:50:39,881: [INFO] Product cards (3600-3650) collected (101143) - (main.py).run(28)
2022-07-25 18:50:39,884: [INFO] Queries creation completed (101143) - (main.py).run(33)
2022-07-25 18:50:40,031: [INFO] Queries execution completed (101143) - (main.py).run(36)
2022-07-25 18:50:41,785: [INFO] Duplicates removed (155597) - (main.py).run(39)
2022-07-25 18:50:42,272: [INFO] Duplicates removed (101143) - (main.py).run(39)
2022-07-25 18:50:55,316: [INFO] Product cards (3650-3700) collected (101143) - (main.py).run(28)
2022-07-25 18:50:55,319: [INFO] Queries creation completed (101143) - (main.py).run(33)
2022-07-25 18:50:55,492: [INFO] Queries execution completed (101143) - (main.py).run(36)
2022-07-25 18:50:55,587: [INFO] Product cards (3550-3600) collected (155597) - (main.py).run(28)
2022-07-25 18:50:55,591: [INFO] Queries creation completed (155597) - (main.py).run(33)
2022-07-25 18:50:55,822: [INFO] Queries execution completed (155597) - (main.py).run(36)
2022-07-25 18:50:57,756: [INFO] Duplicates removed (101143) - (main.py).run(39)
2022-07-25 18:50:58,099: [INFO] Duplicates removed (155597) - (main.py).run(39)
2022-07-25 18:51:09,790: [INFO] Product cards (3700-3750) collected (101143) - (main.py).run(28)
2022-07-25 18:51:09,793: [INFO] Queries creation completed (101143) - (main.py).run(33)
2022-07-25 18:51:09,955: [INFO] Queries execution completed (101143) - (main.py).run(36)
2022-07-25 18:51:11,819: [INFO] Product cards (3600-3650) collected (155597) - (main.py).run(28)
2022-07-25 18:51:11,824: [INFO] Queries creation completed (155597) - (main.py).run(33)
2022-07-25 18:51:12,075: [INFO] Queries execution completed (155597) - (main.py).run(36)
2022-07-25 18:51:12,180: [INFO] Duplicates removed (101143) - (main.py).run(39)
2022-07-25 18:51:14,351: [INFO] Duplicates removed (155597) - (main.py).run(39)
2022-07-25 18:51:25,391: [INFO] Product cards (3750-3800) collected (101143) - (main.py).run(28)
2022-07-25 18:51:25,393: [INFO] Queries creation completed (101143) - (main.py).run(33)
2022-07-25 18:51:25,554: [INFO] Queries execution completed (101143) - (main.py).run(36)
2022-07-25 18:51:27,778: [INFO] Product cards (3650-3700) collected (155597) - (main.py).run(28)
2022-07-25 18:51:27,783: [INFO] Queries creation completed (155597) - (main.py).run(33)
2022-07-25 18:51:27,819: [INFO] Duplicates removed (101143) - (main.py).run(39)
2022-07-25 18:51:28,016: [INFO] Queries execution completed (155597) - (main.py).run(36)
2022-07-25 18:51:30,308: [INFO] Duplicates removed (155597) - (main.py).run(39)
2022-07-25 18:51:41,781: [INFO] Product cards (3800-3850) collected (101143) - (main.py).run(28)
2022-07-25 18:51:41,784: [INFO] Queries creation completed (101143) - (main.py).run(33)
2022-07-25 18:51:41,938: [INFO] Queries execution completed (101143) - (main.py).run(36)
2022-07-25 18:51:43,472: [INFO] Product cards (3700-3750) collected (155597) - (main.py).run(28)
2022-07-25 18:51:43,476: [INFO] Queries creation completed (155597) - (main.py).run(33)
2022-07-25 18:51:43,713: [INFO] Queries execution completed (155597) - (main.py).run(36)
2022-07-25 18:51:44,265: [INFO] Duplicates removed (101143) - (main.py).run(39)
2022-07-25 18:51:46,067: [INFO] Duplicates removed (155597) - (main.py).run(39)
2022-07-25 18:51:58,398: [INFO] Product cards (3850-3900) collected (101143) - (main.py).run(28)
2022-07-25 18:51:58,401: [INFO] Queries creation completed (101143) - (main.py).run(33)
2022-07-25 18:51:58,550: [INFO] Queries execution completed (101143) - (main.py).run(36)
2022-07-25 18:52:00,870: [INFO] Duplicates removed (101143) - (main.py).run(39)
2022-07-25 18:52:01,283: [INFO] Product cards (3750-3800) collected (155597) - (main.py).run(28)
2022-07-25 18:52:01,288: [INFO] Queries creation completed (155597) - (main.py).run(33)
2022-07-25 18:52:01,532: [INFO] Queries execution completed (155597) - (main.py).run(36)
2022-07-25 18:52:03,872: [INFO] Duplicates removed (155597) - (main.py).run(39)
2022-07-25 18:52:16,201: [INFO] Product cards (3900-3950) collected (101143) - (main.py).run(28)
2022-07-25 18:52:16,204: [INFO] Queries creation completed (101143) - (main.py).run(33)
2022-07-25 18:52:16,351: [INFO] Queries execution completed (101143) - (main.py).run(36)
2022-07-25 18:52:18,699: [INFO] Duplicates removed (101143) - (main.py).run(39)
2022-07-25 18:52:19,940: [INFO] Product cards (3800-3850) collected (155597) - (main.py).run(28)
2022-07-25 18:52:19,944: [INFO] Queries creation completed (155597) - (main.py).run(33)
2022-07-25 18:52:20,164: [INFO] Queries execution completed (155597) - (main.py).run(36)
2022-07-25 18:52:22,552: [INFO] Duplicates removed (155597) - (main.py).run(39)
2022-07-25 18:52:31,153: [INFO] Product cards (3950-4000) collected (101143) - (main.py).run(28)
2022-07-25 18:52:31,156: [INFO] Queries creation completed (101143) - (main.py).run(33)
2022-07-25 18:52:31,299: [INFO] Queries execution completed (101143) - (main.py).run(36)
2022-07-25 18:52:33,705: [INFO] Duplicates removed (101143) - (main.py).run(39)
2022-07-25 18:52:35,326: [INFO] Product cards (3850-3900) collected (155597) - (main.py).run(28)
2022-07-25 18:52:35,330: [INFO] Queries creation completed (155597) - (main.py).run(33)
2022-07-25 18:52:35,558: [INFO] Queries execution completed (155597) - (main.py).run(36)
2022-07-25 18:52:37,957: [INFO] Duplicates removed (155597) - (main.py).run(39)
2022-07-25 18:52:45,524: [INFO] Product cards (4000-4050) collected (101143) - (main.py).run(28)
2022-07-25 18:52:45,526: [INFO] Queries creation completed (101143) - (main.py).run(33)
2022-07-25 18:52:45,674: [INFO] Queries execution completed (101143) - (main.py).run(36)
2022-07-25 18:52:48,075: [INFO] Duplicates removed (101143) - (main.py).run(39)
2022-07-25 18:52:51,543: [INFO] Product cards (3900-3950) collected (155597) - (main.py).run(28)
2022-07-25 18:52:51,548: [INFO] Queries creation completed (155597) - (main.py).run(33)
2022-07-25 18:52:51,779: [INFO] Queries execution completed (155597) - (main.py).run(36)
2022-07-25 18:52:54,235: [INFO] Duplicates removed (155597) - (main.py).run(39)
2022-07-25 18:53:01,723: [INFO] Product cards (4050-4100) collected (101143) - (main.py).run(28)
2022-07-25 18:53:01,726: [INFO] Queries creation completed (101143) - (main.py).run(33)
2022-07-25 18:53:01,876: [INFO] Queries execution completed (101143) - (main.py).run(36)
2022-07-25 18:53:04,322: [INFO] Duplicates removed (101143) - (main.py).run(39)
2022-07-25 18:53:06,867: [INFO] Product cards (3950-4000) collected (155597) - (main.py).run(28)
2022-07-25 18:53:06,872: [INFO] Queries creation completed (155597) - (main.py).run(33)
2022-07-25 18:53:07,108: [INFO] Queries execution completed (155597) - (main.py).run(36)
2022-07-25 18:53:09,573: [INFO] Duplicates removed (155597) - (main.py).run(39)
2022-07-25 18:53:18,512: [INFO] Product cards (4100-4150) collected (101143) - (main.py).run(28)
2022-07-25 18:53:18,515: [INFO] Queries creation completed (101143) - (main.py).run(33)
2022-07-25 18:53:18,669: [INFO] Queries execution completed (101143) - (main.py).run(36)
2022-07-25 18:53:21,137: [INFO] Duplicates removed (101143) - (main.py).run(39)
2022-07-25 18:53:21,939: [INFO] Product cards (4000-4050) collected (155597) - (main.py).run(28)
2022-07-25 18:53:21,943: [INFO] Queries creation completed (155597) - (main.py).run(33)
2022-07-25 18:53:22,187: [INFO] Queries execution completed (155597) - (main.py).run(36)
2022-07-25 18:53:24,690: [INFO] Duplicates removed (155597) - (main.py).run(39)
2022-07-25 18:53:34,465: [INFO] Product cards (4150-4200) collected (101143) - (main.py).run(28)
2022-07-25 18:53:34,467: [INFO] Queries creation completed (101143) - (main.py).run(33)
2022-07-25 18:53:34,617: [INFO] Queries execution completed (101143) - (main.py).run(36)
2022-07-25 18:53:37,120: [INFO] Duplicates removed (101143) - (main.py).run(39)
2022-07-25 18:53:38,670: [INFO] Product cards (4050-4100) collected (155597) - (main.py).run(28)
2022-07-25 18:53:38,675: [INFO] Queries creation completed (155597) - (main.py).run(33)
2022-07-25 18:53:38,919: [INFO] Queries execution completed (155597) - (main.py).run(36)
2022-07-25 18:53:41,447: [INFO] Duplicates removed (155597) - (main.py).run(39)
2022-07-25 18:53:48,993: [INFO] Product cards (4200-4250) collected (101143) - (main.py).run(28)
2022-07-25 18:53:48,996: [INFO] Queries creation completed (101143) - (main.py).run(33)
2022-07-25 18:53:49,157: [INFO] Queries execution completed (101143) - (main.py).run(36)
2022-07-25 18:53:51,702: [INFO] Duplicates removed (101143) - (main.py).run(39)
2022-07-25 18:53:55,047: [INFO] Product cards (4100-4150) collected (155597) - (main.py).run(28)
2022-07-25 18:53:55,052: [INFO] Queries creation completed (155597) - (main.py).run(33)
2022-07-25 18:53:55,307: [INFO] Queries execution completed (155597) - (main.py).run(36)
2022-07-25 18:53:57,866: [INFO] Duplicates removed (155597) - (main.py).run(39)
2022-07-25 18:54:05,707: [INFO] Product cards (4250-4300) collected (101143) - (main.py).run(28)
2022-07-25 18:54:05,710: [INFO] Queries creation completed (101143) - (main.py).run(33)
2022-07-25 18:54:05,872: [INFO] Queries execution completed (101143) - (main.py).run(36)
2022-07-25 18:54:08,446: [INFO] Duplicates removed (101143) - (main.py).run(39)
2022-07-25 18:54:14,046: [INFO] Product cards (4150-4200) collected (155597) - (main.py).run(28)
2022-07-25 18:54:14,050: [INFO] Queries creation completed (155597) - (main.py).run(33)
2022-07-25 18:54:14,293: [INFO] Queries execution completed (155597) - (main.py).run(36)
2022-07-25 18:54:16,883: [INFO] Duplicates removed (155597) - (main.py).run(39)
2022-07-25 18:54:23,939: [INFO] Product cards (4300-4350) collected (101143) - (main.py).run(28)
2022-07-25 18:54:23,941: [INFO] Queries creation completed (101143) - (main.py).run(33)
2022-07-25 18:54:24,090: [INFO] Queries execution completed (101143) - (main.py).run(36)
2022-07-25 18:54:26,680: [INFO] Duplicates removed (101143) - (main.py).run(39)
2022-07-25 18:54:29,189: [INFO] Product cards (4200-4250) collected (155597) - (main.py).run(28)
2022-07-25 18:54:29,193: [INFO] Queries creation completed (155597) - (main.py).run(33)
2022-07-25 18:54:29,432: [INFO] Queries execution completed (155597) - (main.py).run(36)
2022-07-25 18:54:32,056: [INFO] Duplicates removed (155597) - (main.py).run(39)
2022-07-25 18:54:39,205: [INFO] Product cards (4350-4400) collected (101143) - (main.py).run(28)
2022-07-25 18:54:39,207: [INFO] Queries creation completed (101143) - (main.py).run(33)
2022-07-25 18:54:39,357: [INFO] Queries execution completed (101143) - (main.py).run(36)
2022-07-25 18:54:41,988: [INFO] Duplicates removed (101143) - (main.py).run(39)
2022-07-25 18:54:46,481: [INFO] Product cards (4250-4300) collected (155597) - (main.py).run(28)
2022-07-25 18:54:46,486: [INFO] Queries creation completed (155597) - (main.py).run(33)
2022-07-25 18:54:46,727: [INFO] Queries execution completed (155597) - (main.py).run(36)
2022-07-25 18:54:49,376: [INFO] Duplicates removed (155597) - (main.py).run(39)
2022-07-25 18:54:54,218: [INFO] Product cards (4400-4450) collected (101143) - (main.py).run(28)
2022-07-25 18:54:54,220: [INFO] Queries creation completed (101143) - (main.py).run(33)
2022-07-25 18:54:54,366: [INFO] Queries execution completed (101143) - (main.py).run(36)
2022-07-25 18:54:57,026: [INFO] Duplicates removed (101143) - (main.py).run(39)
2022-07-25 18:55:07,014: [INFO] Product cards (4300-4350) collected (155597) - (main.py).run(28)
2022-07-25 18:55:07,018: [INFO] Queries creation completed (155597) - (main.py).run(33)
2022-07-25 18:55:07,230: [INFO] Queries execution completed (155597) - (main.py).run(36)
2022-07-25 18:55:09,947: [INFO] Duplicates removed (155597) - (main.py).run(39)
2022-07-25 18:55:12,785: [INFO] Product cards (4450-4500) collected (101143) - (main.py).run(28)
2022-07-25 18:55:12,788: [INFO] Queries creation completed (101143) - (main.py).run(33)
2022-07-25 18:55:12,946: [INFO] Queries execution completed (101143) - (main.py).run(36)
2022-07-25 18:55:15,641: [INFO] Duplicates removed (101143) - (main.py).run(39)
2022-07-25 18:55:23,151: [INFO] Product cards (4350-4400) collected (155597) - (main.py).run(28)
2022-07-25 18:55:23,154: [INFO] Queries creation completed (155597) - (main.py).run(33)
2022-07-25 18:55:23,354: [INFO] Queries execution completed (155597) - (main.py).run(36)
2022-07-25 18:55:26,071: [INFO] Duplicates removed (155597) - (main.py).run(39)
2022-07-25 18:55:28,758: [INFO] Product cards (4500-4550) collected (101143) - (main.py).run(28)
2022-07-25 18:55:28,761: [INFO] Queries creation completed (101143) - (main.py).run(33)
2022-07-25 18:55:28,913: [INFO] Queries execution completed (101143) - (main.py).run(36)
2022-07-25 18:55:31,637: [INFO] Duplicates removed (101143) - (main.py).run(39)
2022-07-25 18:55:39,161: [INFO] Product cards (4400-4450) collected (155597) - (main.py).run(28)
2022-07-25 18:55:39,165: [INFO] Queries creation completed (155597) - (main.py).run(33)
2022-07-25 18:55:39,364: [INFO] Queries execution completed (155597) - (main.py).run(36)
2022-07-25 18:55:42,102: [INFO] Duplicates removed (155597) - (main.py).run(39)
2022-07-25 18:55:44,010: [INFO] Product cards (4550-4600) collected (101143) - (main.py).run(28)
2022-07-25 18:55:44,013: [INFO] Queries creation completed (101143) - (main.py).run(33)
2022-07-25 18:55:44,165: [INFO] Queries execution completed (101143) - (main.py).run(36)
2022-07-25 18:55:46,914: [INFO] Duplicates removed (101143) - (main.py).run(39)
2022-07-25 18:55:55,547: [INFO] Product cards (4450-4500) collected (155597) - (main.py).run(28)
2022-07-25 18:55:55,552: [INFO] Queries creation completed (155597) - (main.py).run(33)
2022-07-25 18:55:55,791: [INFO] Queries execution completed (155597) - (main.py).run(36)
2022-07-25 18:55:58,553: [INFO] Duplicates removed (155597) - (main.py).run(39)
2022-07-25 18:56:00,478: [INFO] Product cards (4600-4650) collected (101143) - (main.py).run(28)
2022-07-25 18:56:00,481: [INFO] Queries creation completed (101143) - (main.py).run(33)
2022-07-25 18:56:00,631: [INFO] Queries execution completed (101143) - (main.py).run(36)
2022-07-25 18:56:03,426: [INFO] Duplicates removed (101143) - (main.py).run(39)
2022-07-25 18:56:13,802: [INFO] Product cards (4500-4550) collected (155597) - (main.py).run(28)
2022-07-25 18:56:13,806: [INFO] Queries creation completed (155597) - (main.py).run(33)
2022-07-25 18:56:14,032: [INFO] Queries execution completed (155597) - (main.py).run(36)
2022-07-25 18:56:16,607: [INFO] Product cards (4650-4700) collected (101143) - (main.py).run(28)
2022-07-25 18:56:16,609: [INFO] Queries creation completed (101143) - (main.py).run(33)
2022-07-25 18:56:16,753: [INFO] Queries execution completed (101143) - (main.py).run(36)
2022-07-25 18:56:16,838: [INFO] Duplicates removed (155597) - (main.py).run(39)
2022-07-25 18:56:19,595: [INFO] Duplicates removed (101143) - (main.py).run(39)
2022-07-25 18:56:31,013: [INFO] Product cards (4550-4600) collected (155597) - (main.py).run(28)
2022-07-25 18:56:31,017: [INFO] Queries creation completed (155597) - (main.py).run(33)
2022-07-25 18:56:31,237: [INFO] Queries execution completed (155597) - (main.py).run(36)
2022-07-25 18:56:33,792: [INFO] Product cards (4700-4750) collected (101143) - (main.py).run(28)
2022-07-25 18:56:33,794: [INFO] Queries creation completed (101143) - (main.py).run(33)
2022-07-25 18:56:33,937: [INFO] Queries execution completed (101143) - (main.py).run(36)
2022-07-25 18:56:34,086: [INFO] Duplicates removed (155597) - (main.py).run(39)
2022-07-25 18:56:36,783: [INFO] Duplicates removed (101143) - (main.py).run(39)
2022-07-25 18:56:46,912: [INFO] Product cards (4600-4650) collected (155597) - (main.py).run(28)
2022-07-25 18:56:46,916: [INFO] Queries creation completed (155597) - (main.py).run(33)
2022-07-25 18:56:47,119: [INFO] Queries execution completed (155597) - (main.py).run(36)
2022-07-25 18:56:49,632: [INFO] Product cards (4750-4800) collected (101143) - (main.py).run(28)
2022-07-25 18:56:49,635: [INFO] Queries creation completed (101143) - (main.py).run(33)
2022-07-25 18:56:49,769: [INFO] Queries execution completed (101143) - (main.py).run(36)
2022-07-25 18:56:49,988: [INFO] Duplicates removed (155597) - (main.py).run(39)
2022-07-25 18:56:52,650: [INFO] Duplicates removed (101143) - (main.py).run(39)
2022-07-25 18:57:02,503: [INFO] Product cards (4650-4700) collected (155597) - (main.py).run(28)
2022-07-25 18:57:02,506: [INFO] Queries creation completed (155597) - (main.py).run(33)
2022-07-25 18:57:02,704: [INFO] Queries execution completed (155597) - (main.py).run(36)
2022-07-25 18:57:05,594: [INFO] Duplicates removed (155597) - (main.py).run(39)
2022-07-25 18:57:05,953: [INFO] Product cards (4800-4850) collected (101143) - (main.py).run(28)
2022-07-25 18:57:05,955: [INFO] Queries creation completed (101143) - (main.py).run(33)
2022-07-25 18:57:06,102: [INFO] Queries execution completed (101143) - (main.py).run(36)
2022-07-25 18:57:09,011: [INFO] Duplicates removed (101143) - (main.py).run(39)
2022-07-25 18:57:17,657: [INFO] Product cards (4700-4750) collected (155597) - (main.py).run(28)
2022-07-25 18:57:17,661: [INFO] Queries creation completed (155597) - (main.py).run(33)
2022-07-25 18:57:17,878: [INFO] Queries execution completed (155597) - (main.py).run(36)
2022-07-25 18:57:20,809: [INFO] Duplicates removed (155597) - (main.py).run(39)
2022-07-25 18:57:22,744: [INFO] Product cards (4850-4900) collected (101143) - (main.py).run(28)
2022-07-25 18:57:22,746: [INFO] Queries creation completed (101143) - (main.py).run(33)
2022-07-25 18:57:22,890: [INFO] Queries execution completed (101143) - (main.py).run(36)
2022-07-25 18:57:25,836: [INFO] Duplicates removed (101143) - (main.py).run(39)
2022-07-25 18:57:33,305: [INFO] Product cards (4750-4800) collected (155597) - (main.py).run(28)
2022-07-25 18:57:33,309: [INFO] Queries creation completed (155597) - (main.py).run(33)
2022-07-25 18:57:33,517: [INFO] Queries execution completed (155597) - (main.py).run(36)
2022-07-25 18:57:36,476: [INFO] Duplicates removed (155597) - (main.py).run(39)
2022-07-25 18:57:39,221: [INFO] Product cards (4900-4950) collected (101143) - (main.py).run(28)
2022-07-25 18:57:39,223: [INFO] Queries creation completed (101143) - (main.py).run(33)
2022-07-25 18:57:39,373: [INFO] Queries execution completed (101143) - (main.py).run(36)
2022-07-25 18:57:42,336: [INFO] Duplicates removed (101143) - (main.py).run(39)
2022-07-25 18:57:48,146: [INFO] Product cards (4800-4850) collected (155597) - (main.py).run(28)
2022-07-25 18:57:48,150: [INFO] Queries creation completed (155597) - (main.py).run(33)
2022-07-25 18:57:48,353: [INFO] Queries execution completed (155597) - (main.py).run(36)
2022-07-25 18:57:51,341: [INFO] Duplicates removed (155597) - (main.py).run(39)
2022-07-25 18:57:54,631: [INFO] Product cards (4950-5000) collected (101143) - (main.py).run(28)
2022-07-25 18:57:54,634: [INFO] Queries creation completed (101143) - (main.py).run(33)
2022-07-25 18:57:54,784: [INFO] Queries execution completed (101143) - (main.py).run(36)
2022-07-25 18:57:57,779: [INFO] Duplicates removed (101143) - (main.py).run(39)
2022-07-25 18:58:04,554: [INFO] Product cards (4850-4900) collected (155597) - (main.py).run(28)
2022-07-25 18:58:04,558: [INFO] Queries creation completed (155597) - (main.py).run(33)
2022-07-25 18:58:04,782: [INFO] Queries execution completed (155597) - (main.py).run(36)
2022-07-25 18:58:07,788: [INFO] Duplicates removed (155597) - (main.py).run(39)
2022-07-25 18:58:10,800: [INFO] Product cards (5000-5050) collected (101143) - (main.py).run(28)
2022-07-25 18:58:10,802: [INFO] Queries creation completed (101143) - (main.py).run(33)
2022-07-25 18:58:10,944: [INFO] Queries execution completed (101143) - (main.py).run(36)
2022-07-25 18:58:13,971: [INFO] Duplicates removed (101143) - (main.py).run(39)
2022-07-25 18:58:21,223: [INFO] Product cards (4900-4950) collected (155597) - (main.py).run(28)
2022-07-25 18:58:21,228: [INFO] Queries creation completed (155597) - (main.py).run(33)
2022-07-25 18:58:21,493: [INFO] Queries execution completed (155597) - (main.py).run(36)
2022-07-25 18:58:24,543: [INFO] Duplicates removed (155597) - (main.py).run(39)
2022-07-25 18:58:26,423: [INFO] Product cards (5050-5100) collected (101143) - (main.py).run(28)
2022-07-25 18:58:26,426: [INFO] Queries creation completed (101143) - (main.py).run(33)
2022-07-25 18:58:26,570: [INFO] Queries execution completed (101143) - (main.py).run(36)
2022-07-25 18:58:29,629: [INFO] Duplicates removed (101143) - (main.py).run(39)
2022-07-25 18:58:38,589: [INFO] Product cards (4950-5000) collected (155597) - (main.py).run(28)
2022-07-25 18:58:38,594: [INFO] Queries creation completed (155597) - (main.py).run(33)
2022-07-25 18:58:38,859: [INFO] Queries execution completed (155597) - (main.py).run(36)
2022-07-25 18:58:41,940: [INFO] Duplicates removed (155597) - (main.py).run(39)
2022-07-25 18:58:44,152: [INFO] Product cards (5100-5150) collected (101143) - (main.py).run(28)
2022-07-25 18:58:44,154: [INFO] Queries creation completed (101143) - (main.py).run(33)
2022-07-25 18:58:44,295: [INFO] Queries execution completed (101143) - (main.py).run(36)
2022-07-25 18:58:47,382: [INFO] Duplicates removed (101143) - (main.py).run(39)
2022-07-25 18:58:54,914: [INFO] Product cards (5000-5050) collected (155597) - (main.py).run(28)
2022-07-25 18:58:54,919: [INFO] Queries creation completed (155597) - (main.py).run(33)
2022-07-25 18:58:55,164: [INFO] Queries execution completed (155597) - (main.py).run(36)
2022-07-25 18:58:58,269: [INFO] Duplicates removed (155597) - (main.py).run(39)
2022-07-25 18:59:00,415: [INFO] Product cards (5150-5200) collected (101143) - (main.py).run(28)
2022-07-25 18:59:00,417: [INFO] Queries creation completed (101143) - (main.py).run(33)
2022-07-25 18:59:00,555: [INFO] Queries execution completed (101143) - (main.py).run(36)
2022-07-25 18:59:03,679: [INFO] Duplicates removed (101143) - (main.py).run(39)
2022-07-25 18:59:11,393: [INFO] Product cards (5050-5100) collected (155597) - (main.py).run(28)
2022-07-25 18:59:11,398: [INFO] Queries creation completed (155597) - (main.py).run(33)
2022-07-25 18:59:11,625: [INFO] Queries execution completed (155597) - (main.py).run(36)
2022-07-25 18:59:14,751: [INFO] Duplicates removed (155597) - (main.py).run(39)
2022-07-25 18:59:18,512: [INFO] Product cards (5200-5250) collected (101143) - (main.py).run(28)
2022-07-25 18:59:18,515: [INFO] Queries creation completed (101143) - (main.py).run(33)
2022-07-25 18:59:18,659: [INFO] Queries execution completed (101143) - (main.py).run(36)
2022-07-25 18:59:21,808: [INFO] Duplicates removed (101143) - (main.py).run(39)
2022-07-25 18:59:27,883: [INFO] Product cards (5100-5150) collected (155597) - (main.py).run(28)
2022-07-25 18:59:27,887: [INFO] Queries creation completed (155597) - (main.py).run(33)
2022-07-25 18:59:28,111: [INFO] Queries execution completed (155597) - (main.py).run(36)
2022-07-25 18:59:31,304: [INFO] Duplicates removed (155597) - (main.py).run(39)
2022-07-25 18:59:34,275: [INFO] Product cards (5250-5300) collected (101143) - (main.py).run(28)
2022-07-25 18:59:34,278: [INFO] Queries creation completed (101143) - (main.py).run(33)
2022-07-25 18:59:34,450: [INFO] Queries execution completed (101143) - (main.py).run(36)
2022-07-25 18:59:37,645: [INFO] Duplicates removed (101143) - (main.py).run(39)
2022-07-25 18:59:44,155: [INFO] Product cards (5150-5200) collected (155597) - (main.py).run(28)
2022-07-25 18:59:44,160: [INFO] Queries creation completed (155597) - (main.py).run(33)
2022-07-25 18:59:44,381: [INFO] Queries execution completed (155597) - (main.py).run(36)
2022-07-25 18:59:47,591: [INFO] Duplicates removed (155597) - (main.py).run(39)
2022-07-25 18:59:50,138: [INFO] Product cards (5300-5350) collected (101143) - (main.py).run(28)
2022-07-25 18:59:50,140: [INFO] Queries creation completed (101143) - (main.py).run(33)
2022-07-25 18:59:50,277: [INFO] Queries execution completed (101143) - (main.py).run(36)
2022-07-25 18:59:53,530: [INFO] Duplicates removed (101143) - (main.py).run(39)
2022-07-25 19:00:08,107: [INFO] Product cards (5200-5250) collected (155597) - (main.py).run(28)
2022-07-25 19:00:08,112: [INFO] Queries creation completed (155597) - (main.py).run(33)
2022-07-25 19:00:08,351: [INFO] Queries execution completed (155597) - (main.py).run(36)
2022-07-25 19:00:11,661: [INFO] Duplicates removed (155597) - (main.py).run(39)
2022-07-25 19:00:27,647: [INFO] Product cards (5350-5400) collected (101143) - (main.py).run(28)
2022-07-25 19:00:27,649: [INFO] Queries creation completed (101143) - (main.py).run(33)
2022-07-25 19:00:27,820: [INFO] Queries execution completed (101143) - (main.py).run(36)
2022-07-25 19:00:31,095: [INFO] Duplicates removed (101143) - (main.py).run(39)
2022-07-25 19:00:39,231: [INFO] Product cards (5250-5300) collected (155597) - (main.py).run(28)
2022-07-25 19:00:39,235: [INFO] Queries creation completed (155597) - (main.py).run(33)
2022-07-25 19:00:39,493: [INFO] Queries execution completed (155597) - (main.py).run(36)
2022-07-25 19:00:42,886: [INFO] Duplicates removed (155597) - (main.py).run(39)
2022-07-25 19:00:48,577: [INFO] Product cards (5400-5450) collected (101143) - (main.py).run(28)
2022-07-25 19:00:48,580: [INFO] Queries creation completed (101143) - (main.py).run(33)
2022-07-25 19:00:48,761: [INFO] Queries execution completed (101143) - (main.py).run(36)
2022-07-25 19:00:52,167: [INFO] Duplicates removed (101143) - (main.py).run(39)
2022-07-25 19:00:59,903: [INFO] Product cards (5300-5350) collected (155597) - (main.py).run(28)
2022-07-25 19:00:59,907: [INFO] Queries creation completed (155597) - (main.py).run(33)
2022-07-25 19:01:00,124: [INFO] Queries execution completed (155597) - (main.py).run(36)
2022-07-25 19:01:03,554: [INFO] Duplicates removed (155597) - (main.py).run(39)
2022-07-25 19:01:09,154: [INFO] Product cards (5450-5500) collected (101143) - (main.py).run(28)
2022-07-25 19:01:09,156: [INFO] Queries creation completed (101143) - (main.py).run(33)
2022-07-25 19:01:09,306: [INFO] Queries execution completed (101143) - (main.py).run(36)
2022-07-25 19:01:12,692: [INFO] Duplicates removed (101143) - (main.py).run(39)
2022-07-25 19:01:17,862: [INFO] Product cards (5350-5400) collected (155597) - (main.py).run(28)
2022-07-25 19:01:17,865: [INFO] Queries creation completed (155597) - (main.py).run(33)
2022-07-25 19:01:18,065: [INFO] Queries execution completed (155597) - (main.py).run(36)
2022-07-25 19:01:21,429: [INFO] Duplicates removed (155597) - (main.py).run(39)
2022-07-25 19:01:26,311: [INFO] Product cards (5500-5550) collected (101143) - (main.py).run(28)
2022-07-25 19:01:26,314: [INFO] Queries creation completed (101143) - (main.py).run(33)
2022-07-25 19:01:26,501: [INFO] Queries execution completed (101143) - (main.py).run(36)
2022-07-25 19:01:29,949: [INFO] Duplicates removed (101143) - (main.py).run(39)
2022-07-25 19:01:30,707: [INFO] Product cards (5550-5600) collected (101143) - (main.py).run(28)
2022-07-25 19:01:30,707: [INFO] Queries creation completed (101143) - (main.py).run(33)
2022-07-25 19:01:30,715: [INFO] Queries execution completed (101143) - (main.py).run(36)
2022-07-25 19:01:34,159: [INFO] Duplicates removed (101143) - (main.py).run(39)
2022-07-25 19:01:35,301: [INFO] Product cards (5400-5450) collected (155597) - (main.py).run(28)
2022-07-25 19:01:35,305: [INFO] Queries creation completed (155597) - (main.py).run(33)
2022-07-25 19:01:35,538: [INFO] Queries execution completed (155597) - (main.py).run(36)
2022-07-25 19:01:38,912: [INFO] Duplicates removed (155597) - (main.py).run(39)
2022-07-25 19:01:54,533: [INFO] Product cards (5450-5500) collected (155597) - (main.py).run(28)
2022-07-25 19:01:54,537: [INFO] Queries creation completed (155597) - (main.py).run(33)
2022-07-25 19:01:54,771: [INFO] Queries execution completed (155597) - (main.py).run(36)
2022-07-25 19:01:58,162: [INFO] Duplicates removed (155597) - (main.py).run(39)
2022-07-25 19:02:14,238: [INFO] Product cards (5500-5550) collected (155597) - (main.py).run(28)
2022-07-25 19:02:14,243: [INFO] Queries creation completed (155597) - (main.py).run(33)
2022-07-25 19:02:14,511: [INFO] Queries execution completed (155597) - (main.py).run(36)
2022-07-25 19:02:17,940: [INFO] Duplicates removed (155597) - (main.py).run(39)
2022-07-25 19:02:31,589: [INFO] Product cards (5550-5600) collected (155597) - (main.py).run(28)
2022-07-25 19:02:31,594: [INFO] Queries creation completed (155597) - (main.py).run(33)
2022-07-25 19:02:31,864: [INFO] Queries execution completed (155597) - (main.py).run(36)
2022-07-25 19:02:35,279: [INFO] Duplicates removed (155597) - (main.py).run(39)
2022-07-25 19:02:49,080: [INFO] Product cards (5600-5650) collected (155597) - (main.py).run(28)
2022-07-25 19:02:49,086: [INFO] Queries creation completed (155597) - (main.py).run(33)
2022-07-25 19:02:49,379: [INFO] Queries execution completed (155597) - (main.py).run(36)
2022-07-25 19:02:52,886: [INFO] Duplicates removed (155597) - (main.py).run(39)
2022-07-25 19:03:07,164: [INFO] Product cards (5650-5700) collected (155597) - (main.py).run(28)
2022-07-25 19:03:07,168: [INFO] Queries creation completed (155597) - (main.py).run(33)
2022-07-25 19:03:07,403: [INFO] Queries execution completed (155597) - (main.py).run(36)
2022-07-25 19:03:10,918: [INFO] Duplicates removed (155597) - (main.py).run(39)
2022-07-25 19:03:24,678: [INFO] Product cards (5700-5750) collected (155597) - (main.py).run(28)
2022-07-25 19:03:24,682: [INFO] Queries creation completed (155597) - (main.py).run(33)
2022-07-25 19:03:24,949: [INFO] Queries execution completed (155597) - (main.py).run(36)
2022-07-25 19:03:28,527: [INFO] Duplicates removed (155597) - (main.py).run(39)
2022-07-25 19:03:42,494: [INFO] Product cards (5750-5800) collected (155597) - (main.py).run(28)
2022-07-25 19:03:42,498: [INFO] Queries creation completed (155597) - (main.py).run(33)
2022-07-25 19:03:42,748: [INFO] Queries execution completed (155597) - (main.py).run(36)
2022-07-25 19:03:46,266: [INFO] Duplicates removed (155597) - (main.py).run(39)
2022-07-25 19:04:00,965: [INFO] Product cards (5800-5850) collected (155597) - (main.py).run(28)
2022-07-25 19:04:00,970: [INFO] Queries creation completed (155597) - (main.py).run(33)
2022-07-25 19:04:01,218: [INFO] Queries execution completed (155597) - (main.py).run(36)
2022-07-25 19:04:04,767: [INFO] Duplicates removed (155597) - (main.py).run(39)
2022-07-25 19:04:18,074: [INFO] Product cards (5850-5900) collected (155597) - (main.py).run(28)
2022-07-25 19:04:18,078: [INFO] Queries creation completed (155597) - (main.py).run(33)
2022-07-25 19:04:18,305: [INFO] Queries execution completed (155597) - (main.py).run(36)
2022-07-25 19:04:21,812: [INFO] Duplicates removed (155597) - (main.py).run(39)
2022-07-25 19:04:34,033: [INFO] Product cards (5900-5950) collected (155597) - (main.py).run(28)
2022-07-25 19:04:34,038: [INFO] Queries creation completed (155597) - (main.py).run(33)
2022-07-25 19:04:34,282: [INFO] Queries execution completed (155597) - (main.py).run(36)
2022-07-25 19:04:37,798: [INFO] Duplicates removed (155597) - (main.py).run(39)
2022-07-25 19:04:50,461: [INFO] Product cards (5950-6000) collected (155597) - (main.py).run(28)
2022-07-25 19:04:50,465: [INFO] Queries creation completed (155597) - (main.py).run(33)
2022-07-25 19:04:50,671: [INFO] Queries execution completed (155597) - (main.py).run(36)
2022-07-25 19:04:54,187: [INFO] Duplicates removed (155597) - (main.py).run(39)
2022-07-25 19:05:09,820: [INFO] Product cards (6000-6050) collected (155597) - (main.py).run(28)
2022-07-25 19:05:09,824: [INFO] Queries creation completed (155597) - (main.py).run(33)
2022-07-25 19:05:10,036: [INFO] Queries execution completed (155597) - (main.py).run(36)
2022-07-25 19:05:13,579: [INFO] Duplicates removed (155597) - (main.py).run(39)
2022-07-25 19:05:28,812: [INFO] Product cards (6050-6100) collected (155597) - (main.py).run(28)
2022-07-25 19:05:28,817: [INFO] Queries creation completed (155597) - (main.py).run(33)
2022-07-25 19:05:29,053: [INFO] Queries execution completed (155597) - (main.py).run(36)
2022-07-25 19:05:32,610: [INFO] Duplicates removed (155597) - (main.py).run(39)
2022-07-25 19:05:45,666: [INFO] Product cards (6100-6150) collected (155597) - (main.py).run(28)
2022-07-25 19:05:45,671: [INFO] Queries creation completed (155597) - (main.py).run(33)
2022-07-25 19:05:45,937: [INFO] Queries execution completed (155597) - (main.py).run(36)
2022-07-25 19:05:49,625: [INFO] Duplicates removed (155597) - (main.py).run(39)
2022-07-25 19:06:02,777: [INFO] Product cards (6150-6200) collected (155597) - (main.py).run(28)
2022-07-25 19:06:02,781: [INFO] Queries creation completed (155597) - (main.py).run(33)
2022-07-25 19:06:03,012: [INFO] Queries execution completed (155597) - (main.py).run(36)
2022-07-25 19:06:06,594: [INFO] Duplicates removed (155597) - (main.py).run(39)
2022-07-25 19:06:20,401: [INFO] Product cards (6200-6250) collected (155597) - (main.py).run(28)
2022-07-25 19:06:20,406: [INFO] Queries creation completed (155597) - (main.py).run(33)
2022-07-25 19:06:20,670: [INFO] Queries execution completed (155597) - (main.py).run(36)
2022-07-25 19:06:24,267: [INFO] Duplicates removed (155597) - (main.py).run(39)
2022-07-25 19:06:37,490: [INFO] Product cards (6250-6300) collected (155597) - (main.py).run(28)
2022-07-25 19:06:37,494: [INFO] Queries creation completed (155597) - (main.py).run(33)
2022-07-25 19:06:37,727: [INFO] Queries execution completed (155597) - (main.py).run(36)
2022-07-25 19:06:41,391: [INFO] Duplicates removed (155597) - (main.py).run(39)
2022-07-25 19:06:55,514: [INFO] Product cards (6300-6350) collected (155597) - (main.py).run(28)
2022-07-25 19:06:55,519: [INFO] Queries creation completed (155597) - (main.py).run(33)
2022-07-25 19:06:55,751: [INFO] Queries execution completed (155597) - (main.py).run(36)
2022-07-25 19:06:59,399: [INFO] Duplicates removed (155597) - (main.py).run(39)
2022-07-25 19:07:13,085: [INFO] Product cards (6350-6400) collected (155597) - (main.py).run(28)
2022-07-25 19:07:13,089: [INFO] Queries creation completed (155597) - (main.py).run(33)
2022-07-25 19:07:13,306: [INFO] Queries execution completed (155597) - (main.py).run(36)
2022-07-25 19:07:17,012: [INFO] Duplicates removed (155597) - (main.py).run(39)
2022-07-25 19:07:30,334: [INFO] Product cards (6400-6450) collected (155597) - (main.py).run(28)
2022-07-25 19:07:30,339: [INFO] Queries creation completed (155597) - (main.py).run(33)
2022-07-25 19:07:30,555: [INFO] Queries execution completed (155597) - (main.py).run(36)
2022-07-25 19:07:34,263: [INFO] Duplicates removed (155597) - (main.py).run(39)
2022-07-25 19:07:48,081: [INFO] Product cards (6450-6500) collected (155597) - (main.py).run(28)
2022-07-25 19:07:48,086: [INFO] Queries creation completed (155597) - (main.py).run(33)
2022-07-25 19:07:48,341: [INFO] Queries execution completed (155597) - (main.py).run(36)
2022-07-25 19:07:52,041: [INFO] Duplicates removed (155597) - (main.py).run(39)
2022-07-25 19:08:05,263: [INFO] Product cards (6500-6550) collected (155597) - (main.py).run(28)
2022-07-25 19:08:05,268: [INFO] Queries creation completed (155597) - (main.py).run(33)
2022-07-25 19:08:05,517: [INFO] Queries execution completed (155597) - (main.py).run(36)
2022-07-25 19:08:09,220: [INFO] Duplicates removed (155597) - (main.py).run(39)
2022-07-25 19:08:22,373: [INFO] Product cards (6550-6600) collected (155597) - (main.py).run(28)
2022-07-25 19:08:22,378: [INFO] Queries creation completed (155597) - (main.py).run(33)
2022-07-25 19:08:22,606: [INFO] Queries execution completed (155597) - (main.py).run(36)
2022-07-25 19:08:26,323: [INFO] Duplicates removed (155597) - (main.py).run(39)
2022-07-25 19:08:38,645: [INFO] Product cards (6600-6650) collected (155597) - (main.py).run(28)
2022-07-25 19:08:38,649: [INFO] Queries creation completed (155597) - (main.py).run(33)
2022-07-25 19:08:38,872: [INFO] Queries execution completed (155597) - (main.py).run(36)
2022-07-25 19:08:42,608: [INFO] Duplicates removed (155597) - (main.py).run(39)
2022-07-25 19:08:54,635: [INFO] Product cards (6650-6700) collected (155597) - (main.py).run(28)
2022-07-25 19:08:54,639: [INFO] Queries creation completed (155597) - (main.py).run(33)
2022-07-25 19:08:54,858: [INFO] Queries execution completed (155597) - (main.py).run(36)
2022-07-25 19:08:58,613: [INFO] Duplicates removed (155597) - (main.py).run(39)
2022-07-25 19:09:11,711: [INFO] Product cards (6700-6750) collected (155597) - (main.py).run(28)
2022-07-25 19:09:11,715: [INFO] Queries creation completed (155597) - (main.py).run(33)
2022-07-25 19:09:11,933: [INFO] Queries execution completed (155597) - (main.py).run(36)
2022-07-25 19:09:15,700: [INFO] Duplicates removed (155597) - (main.py).run(39)
2022-07-25 19:09:28,450: [INFO] Product cards (6750-6800) collected (155597) - (main.py).run(28)
2022-07-25 19:09:28,454: [INFO] Queries creation completed (155597) - (main.py).run(33)
2022-07-25 19:09:28,675: [INFO] Queries execution completed (155597) - (main.py).run(36)
2022-07-25 19:09:32,454: [INFO] Duplicates removed (155597) - (main.py).run(39)
2022-07-25 19:09:44,831: [INFO] Product cards (6800-6850) collected (155597) - (main.py).run(28)
2022-07-25 19:09:44,835: [INFO] Queries creation completed (155597) - (main.py).run(33)
2022-07-25 19:09:45,050: [INFO] Queries execution completed (155597) - (main.py).run(36)
2022-07-25 19:09:48,853: [INFO] Duplicates removed (155597) - (main.py).run(39)
2022-07-25 19:10:01,545: [INFO] Product cards (6850-6900) collected (155597) - (main.py).run(28)
2022-07-25 19:10:01,550: [INFO] Queries creation completed (155597) - (main.py).run(33)
2022-07-25 19:10:01,777: [INFO] Queries execution completed (155597) - (main.py).run(36)
2022-07-25 19:10:05,599: [INFO] Duplicates removed (155597) - (main.py).run(39)
2022-07-25 19:10:20,300: [INFO] Product cards (6900-6950) collected (155597) - (main.py).run(28)
2022-07-25 19:10:20,305: [INFO] Queries creation completed (155597) - (main.py).run(33)
2022-07-25 19:10:20,550: [INFO] Queries execution completed (155597) - (main.py).run(36)
2022-07-25 19:10:24,378: [INFO] Duplicates removed (155597) - (main.py).run(39)
2022-07-25 19:10:37,976: [INFO] Product cards (6950-7000) collected (155597) - (main.py).run(28)
2022-07-25 19:10:37,981: [INFO] Queries creation completed (155597) - (main.py).run(33)
2022-07-25 19:10:38,235: [INFO] Queries execution completed (155597) - (main.py).run(36)
2022-07-25 19:10:42,088: [INFO] Duplicates removed (155597) - (main.py).run(39)
2022-07-25 19:10:56,169: [INFO] Product cards (7000-7050) collected (155597) - (main.py).run(28)
2022-07-25 19:10:56,174: [INFO] Queries creation completed (155597) - (main.py).run(33)
2022-07-25 19:10:56,429: [INFO] Queries execution completed (155597) - (main.py).run(36)
2022-07-25 19:11:00,301: [INFO] Duplicates removed (155597) - (main.py).run(39)
2022-07-25 19:11:12,672: [INFO] Product cards (7050-7100) collected (155597) - (main.py).run(28)
2022-07-25 19:11:12,677: [INFO] Queries creation completed (155597) - (main.py).run(33)
2022-07-25 19:11:12,929: [INFO] Queries execution completed (155597) - (main.py).run(36)
2022-07-25 19:11:16,830: [INFO] Duplicates removed (155597) - (main.py).run(39)
2022-07-25 19:11:27,337: [INFO] Product cards (7100-7150) collected (155597) - (main.py).run(28)
2022-07-25 19:11:27,341: [INFO] Queries creation completed (155597) - (main.py).run(33)
2022-07-25 19:11:27,554: [INFO] Queries execution completed (155597) - (main.py).run(36)
2022-07-25 19:11:31,523: [INFO] Duplicates removed (155597) - (main.py).run(39)
2022-07-25 19:11:31,524: [INFO] Script completed - (main.py).<module>(66)
